Mar 02, 2020 8:41:54 AM de.unibonn.realkd.common.parameter.DefaultSubCollectionParameter$JsonStringToCollectionParser findByString
WARNING: Could not find element 'soap_predE' in collection.
Mar 02, 2020 8:41:54 AM de.unibonn.realkd.common.parameter.DefaultSubCollectionParameter$JsonStringToCollectionParser findByString
WARNING: Could not find element 'mbtr_predE' in collection.
Mar 02, 2020 8:41:54 AM de.unibonn.realkd.common.parameter.DefaultSubCollectionParameter$JsonStringToCollectionParser findByString
WARNING: Could not find element 'norm_abs_error' in collection.
Mar 02, 2020 8:41:54 AM de.unibonn.realkd.common.parameter.DefaultSubCollectionParameter$JsonStringToCollectionParser findByString
WARNING: Could not find element 'norm_error' in collection.
Mar 02, 2020 8:41:54 AM de.unibonn.realkd.common.parameter.DefaultSubCollectionParameter$JsonStringToCollectionParser findByString
WARNING: Could not find element 'abs_sq_error' in collection.
Mar 02, 2020 8:41:54 AM de.unibonn.realkd.common.parameter.DefaultSubCollectionParameter$JsonStringToCollectionParser findByString
WARNING: Could not find element 'norm_abs_error_bystd' in collection.
Mar 02, 2020 8:41:54 AM de.unibonn.realkd.common.parameter.DefaultSubCollectionParameter$JsonStringToCollectionParser findByString
WARNING: Could not find element 'norm_sq_error_bystd' in collection.
Mar 02, 2020 8:41:54 AM de.unibonn.realkd.common.parameter.ParameterContainer lambda$pass$4
WARNING: Parameter value of num_results could not be passed to container.
Mar 02, 2020 8:41:54 AM de.unibonn.realkd.run.LegacyComputationSpecification build
INFO: accepted parameter values:
table=WPO 1.0.0
targets=[norm_abs_error]
modeling=Empirical distribution
dev_measure=norm. neg. mean shift
cov_func=coverage
controls=Optional.empty
cov_weight=1.0
ctr_weight=1.0
props=Statements about WPO 1.0.0
descr_lang=Closed conjunctions
attr_filter=[Ef, ngram_predE, abs_error, sum_pred_Ef_and_abs_error, sum_Ef_and_normalized_error, error, sq_error]
num_res=1
oest=coverage and negative mean shift
apx_fac=1.0
max_depth=Optional[4]
Mar 02, 2020 8:41:54 AM de.unibonn.realkd.algorithms.branchbound.BestFirstBranchAndBound updateResults
INFO: Best solution updated: ExceptionalPattern(Subgroup([Natoms<=80.0000, beta>=88.9526, gamma>=88.6724, gamma>=89.5751, id<117.500, id<233.500, id<=352.500, id<=474.500], Sample(mean=0.10157, std=0.17799, med=0.05498, amd=0.08640), Sample(mean=0.10276, std=0.16994, med=0.05270, amd=0.08082)), [support: 104.0,frequency: 0.208,norm. neg. mean shift: 0.011593164658095659,avg. med. dev. gain: 0.0]); value 0.002411378248883897
Mar 02, 2020 8:41:54 AM de.unibonn.realkd.algorithms.branchbound.BestFirstBranchAndBound updateResults
INFO: Best solution updated: ExceptionalPattern(Subgroup([Natoms<=80.0000, id<233.500, id<=352.500, id<=474.500], Sample(mean=0.08822, std=0.14573, med=0.04395, amd=0.07778), Sample(mean=0.10276, std=0.16994, med=0.05270, amd=0.08082)), [support: 197.0,frequency: 0.394,norm. neg. mean shift: 0.141530220595456,avg. med. dev. gain: 0.03770282064971105]); value 0.05576290691460967
Mar 02, 2020 8:41:54 AM de.unibonn.realkd.algorithms.branchbound.BestFirstBranchAndBound updateResults
INFO: Best solution updated: ExceptionalPattern(Subgroup([Natoms<=80.0000, id<=352.500, id<=474.500], Sample(mean=0.09007, std=0.13562, med=0.04923, amd=0.07933), Sample(mean=0.10276, std=0.16994, med=0.05270, amd=0.08082)), [support: 301.0,frequency: 0.602,norm. neg. mean shift: 0.12351285154454858,avg. med. dev. gain: 0.018452120297689573]); value 0.07435473662981824
Mar 02, 2020 8:41:54 AM de.unibonn.realkd.algorithms.branchbound.BestFirstBranchAndBound updateResults
INFO: Best solution updated: ExceptionalPattern(Subgroup([Natoms<=80.0000, Natoms>=50.0000, alpha>=60.9679, b>=5.59494, beta>=88.9526, c>=4.05411, gamma>=88.6724, gamma>=89.5751], Sample(mean=0.08828, std=0.18368, med=0.03866, amd=0.08577), Sample(mean=0.10276, std=0.16994, med=0.05270, amd=0.08082)), [support: 310.0,frequency: 0.62,norm. neg. mean shift: 0.14093379119076715,avg. med. dev. gain: 0.0]); value 0.08737895053827563
Mar 02, 2020 8:41:54 AM de.unibonn.realkd.algorithms.branchbound.BestFirstBranchAndBound updateResults
INFO: Best solution updated: ExceptionalPattern(Subgroup([Natoms<=80.0000, b>=5.59494], Sample(mean=0.09182, std=0.16460, med=0.04373, amd=0.08394), Sample(mean=0.10276, std=0.16994, med=0.05270, amd=0.08082)), [support: 432.0,frequency: 0.864,norm. neg. mean shift: 0.10652891336320992,avg. med. dev. gain: 0.0]); value 0.09204098114581337
Mar 02, 2020 8:41:54 AM de.unibonn.realkd.algorithms.branchbound.BestFirstBranchAndBound updateResults
INFO: Best solution updated: ExceptionalPattern(Subgroup([Natoms<=80.0000, alpha>=60.9679, b<=9.69256, beta>=88.9526], Sample(mean=0.09027, std=0.17306, med=0.04312, amd=0.08252), Sample(mean=0.10276, std=0.16994, med=0.05270, amd=0.08082)), [support: 386.0,frequency: 0.772,norm. neg. mean shift: 0.12157547149639908,avg. med. dev. gain: 0.0]); value 0.0938562639952201
Mar 02, 2020 8:41:54 AM de.unibonn.realkd.algorithms.branchbound.BestFirstBranchAndBound updateResults
INFO: Best solution updated: ExceptionalPattern(Subgroup([Natoms<=80.0000, ecn_bond_dist_Al_In>=0.397169, ecn_bond_dist_Al_O>=0.887832, ecn_bond_dist_In_O>=0.884845], Sample(mean=0.07785, std=0.12921, med=0.04143, amd=0.06649), Sample(mean=0.10276, std=0.16994, med=0.05270, amd=0.08082)), [support: 316.0,frequency: 0.632,norm. neg. mean shift: 0.2424461763573666,avg. med. dev. gain: 0.1773190208523166]); value 0.15322598345785568
Mar 02, 2020 8:41:54 AM de.unibonn.realkd.algorithms.branchbound.BestFirstBranchAndBound updateResults
INFO: Best solution updated: ExceptionalPattern(Subgroup([Natoms<=80.0000, alpha>=60.9679, beta>=88.9526, ecn_bond_dist_Al_In>=0.397169, ecn_bond_dist_Al_O>=0.887832, ecn_bond_dist_In_O>=0.884845], Sample(mean=0.07399, std=0.12930, med=0.03981, amd=0.06327), Sample(mean=0.10276, std=0.16994, med=0.05270, amd=0.08082)), [support: 297.0,frequency: 0.594,norm. neg. mean shift: 0.28002958684414136,avg. med. dev. gain: 0.2171778197845428]); value 0.16633757458541995
Mar 02, 2020 8:41:54 AM de.unibonn.realkd.algorithms.branchbound.BestFirstBranchAndBound updateResults
INFO: Best solution updated: ExceptionalPattern(Subgroup([Natoms<=80.0000, ecn_bond_dist_Ga_O<=2.06812, ecn_bond_dist_In_O>=0.884845], Sample(mean=0.07554, std=0.12532, med=0.04292, amd=0.06387), Sample(mean=0.10276, std=0.16994, med=0.05270, amd=0.08082)), [support: 340.0,frequency: 0.68,norm. neg. mean shift: 0.26493658836423056,avg. med. dev. gain: 0.20972214968045505]); value 0.1801568800876768
Mar 02, 2020 8:41:54 AM de.unibonn.realkd.algorithms.branchbound.BestFirstBranchAndBound updateResults
INFO: Best solution updated: ExceptionalPattern(Subgroup([Natoms<=80.0000, alpha>=60.9679, b<=9.69256, b>=5.59494, beta>=88.9526], Sample(mean=0.07273, std=0.16464, med=0.03534, amd=0.06562), Sample(mean=0.10276, std=0.16994, med=0.05270, amd=0.08082)), [support: 318.0,frequency: 0.636,norm. neg. mean shift: 0.2922912659450222,avg. med. dev. gain: 0.1881577246091719]); value 0.18589724514103412
Mar 02, 2020 8:41:54 AM de.unibonn.realkd.algorithms.branchbound.BestFirstBranchAndBound updateResults
INFO: Best solution updated: ExceptionalPattern(Subgroup([Natoms<=80.0000, ecn_bond_dist_Al_O<=2.06789, ecn_bond_dist_Ga_O<=2.06812, ecn_bond_dist_In_O>=0.884845], Sample(mean=0.06682, std=0.07485, med=0.04116, amd=0.05347), Sample(mean=0.10276, std=0.16994, med=0.05270, amd=0.08082)), [support: 319.0,frequency: 0.638,norm. neg. mean shift: 0.3498044141396916,avg. med. dev. gain: 0.33839494307214546]); value 0.22317521622112324
Mar 02, 2020 8:41:55 AM de.unibonn.realkd.algorithms.branchbound.BestFirstBranchAndBound updateResults
INFO: Best solution updated: ExceptionalPattern(Subgroup([Natoms<=80.0000, alpha>=60.9679, beta>=88.9526, ecn_bond_dist_Al_O<=2.06789, ecn_bond_dist_Ga_O<=2.06812, ecn_bond_dist_In_O>=0.884845], Sample(mean=0.06089, std=0.06810, med=0.03815, amd=0.04807), Sample(mean=0.10276, std=0.16994, med=0.05270, amd=0.08082)), [support: 295.0,frequency: 0.59,norm. neg. mean shift: 0.4074773909494301,avg. med. dev. gain: 0.4052176252702318]); value 0.24041166066016373
Mar 02, 2020 8:41:57 AM de.unibonn.realkd.algorithms.branchbound.BestFirstBranchAndBound logStats
INFO: 1159/10015(0.11572641038442337) nodes discarded/created (4/4 best solution depth/max depth)
kth-best found - potential left: 0.24041166066016373 - 0.33869119365235545 (0.7098255436394095)  
ExceptionalPattern(Subgroup([Natoms<=80.0000, a_c<=3.89541, ecn_bond_dist_Al_O>=0.887832], Sample(mean=0.09419, std=0.15128, med=0.04813, amd=0.08344), Sample(mean=0.10276, std=0.16994, med=0.05270, amd=0.08082)), [support: 364.0,frequency: 0.728,norm. neg. mean shift: 0.08340846223171727,avg. med. dev. gain: 0.0])
Size of boundary queue: 2480
Mar 02, 2020 8:41:57 AM de.unibonn.realkd.algorithms.branchbound.BestFirstBranchAndBound updateResults
INFO: Best solution updated: ExceptionalPattern(Subgroup([Natoms<=80.0000, b>=5.59494, beta<90.3548, beta<=92.6991, beta<=98.5361, ecn_bond_dist_Al_O<=2.06789, ecn_bond_dist_Ga_O<=2.06812], Sample(mean=0.05469, std=0.07000, med=0.03241, amd=0.04384), Sample(mean=0.10276, std=0.16994, med=0.05270, amd=0.08082)), [support: 273.0,frequency: 0.546,norm. neg. mean shift: 0.4678007257532922,avg. med. dev. gain: 0.45764158439302927]); value 0.25541919626129755
Mar 02, 2020 8:41:59 AM de.unibonn.realkd.algorithms.branchbound.BestFirstBranchAndBound logStats
INFO: 2349/20009(0.11739717127292719) nodes discarded/created (4/4 best solution depth/max depth)
kth-best found - potential left: 0.25541919626129755 - 0.31455739167330404 (0.8119955309350136)  
ExceptionalPattern(Subgroup([Natoms<=80.0000, alpha>=60.9679, beta>=88.9526, ecn_bond_dist_Ga_O>=0.876602, ecn_bond_dist_In_O>=0.884845], Sample(mean=0.08521, std=0.14021, med=0.04312, amd=0.07511), Sample(mean=0.10276, std=0.16994, med=0.05270, amd=0.08082)), [support: 320.0,frequency: 0.64,norm. neg. mean shift: 0.17082794727143688,avg. med. dev. gain: 0.07071407620200598])
Size of boundary queue: 2965
Mar 02, 2020 8:42:01 AM de.unibonn.realkd.algorithms.branchbound.BestFirstBranchAndBound logStats
INFO: 3469/30025(0.11553705245628643) nodes discarded/created (4/4 best solution depth/max depth)
kth-best found - potential left: 0.25541919626129755 - 0.30031025518536936 (0.8505177290853342)  
ExceptionalPattern(Subgroup([Natoms<=80.0000, c<=9.32400, c>=4.05411, ecn_bond_dist_Al_O>=0.887832], Sample(mean=0.10456, std=0.18897, med=0.05197, amd=0.09613), Sample(mean=0.10276, std=0.16994, med=0.05270, amd=0.08082)), [support: 330.0,frequency: 0.66,norm. neg. mean shift: 0.0,avg. med. dev. gain: 0.0])
Size of boundary queue: 3068
Mar 02, 2020 8:42:04 AM de.unibonn.realkd.algorithms.branchbound.BestFirstBranchAndBound logStats
INFO: 4450/40008(0.11122775444911018) nodes discarded/created (4/4 best solution depth/max depth)
kth-best found - potential left: 0.25541919626129755 - 0.2879708423262637 (0.886962006979561)  
ExceptionalPattern(Subgroup([Natoms<=80.0000, b>=5.59494, ecn_bond_dist_Ga_O>=0.876602, ecn_bond_dist_O_Ga>=0.365728, percent_atom_al<=0.677083, percent_atom_ga>=0.0729167], Sample(mean=0.09312, std=0.17518, med=0.04844, amd=0.08257), Sample(mean=0.10276, std=0.16994, med=0.05270, amd=0.08082)), [support: 305.0,frequency: 0.61,norm. neg. mean shift: 0.09379294372246787,avg. med. dev. gain: 0.0])
Size of boundary queue: 2715
Mar 02, 2020 8:42:06 AM de.unibonn.realkd.algorithms.branchbound.BestFirstBranchAndBound logStats
INFO: 5381/50003(0.10761354318740876) nodes discarded/created (4/4 best solution depth/max depth)
kth-best found - potential left: 0.25541919626129755 - 0.2778157713884561 (0.9193833560448139)  
ExceptionalPattern(Subgroup([Natoms<=80.0000, ecn_bond_dist_Ga_O>=0.876602, ecn_bond_dist_In_O>=0.884845, ecn_bond_dist_O_Ga>=0.365728, percent_atom_ga>=0.0729167], Sample(mean=0.08814, std=0.13585, med=0.04923, amd=0.07412), Sample(mean=0.10276, std=0.16994, med=0.05270, amd=0.08082)), [support: 300.0,frequency: 0.6,norm. neg. mean shift: 0.14227994398905758,avg. med. dev. gain: 0.08299599009913129])
Size of boundary queue: 2251
Mar 02, 2020 8:42:08 AM de.unibonn.realkd.algorithms.branchbound.BestFirstBranchAndBound logStats
INFO: 6327/60001(0.10544824252929118) nodes discarded/created (4/4 best solution depth/max depth)
kth-best found - potential left: 0.25541919626129755 - 0.2681903437806804 (0.9523802858098919)  
ExceptionalPattern(Subgroup([Natoms<=80.0000, beta<90.3548, beta<=92.6991, beta<=98.5361, c<=9.32400, ecn_bond_dist_Ga_O>=0.876602], Sample(mean=0.09113, std=0.16171, med=0.04438, amd=0.08201), Sample(mean=0.10276, std=0.16994, med=0.05270, amd=0.08082)), [support: 278.0,frequency: 0.556,norm. neg. mean shift: 0.1132207698468899,avg. med. dev. gain: 0.0])
Size of boundary queue: 1624
Mar 02, 2020 8:42:10 AM de.unibonn.realkd.algorithms.branchbound.BestFirstBranchAndBound logStats
INFO: 7394/70009(0.10561499235812538) nodes discarded/created (4/4 best solution depth/max depth)
kth-best found - potential left: 0.25541919626129755 - 0.2594803622537211 (0.9843488503054711)  
ExceptionalPattern(Subgroup([Natoms<=80.0000, a_c<=3.89541, beta<=92.6991, beta<=98.5361, ecn_bond_dist_In_Ga<=3.14737, gamma<=101.553, gamma<=93.2383], Sample(mean=0.10474, std=0.14241, med=0.05561, amd=0.09162), Sample(mean=0.10276, std=0.16994, med=0.05270, amd=0.08082)), [support: 300.0,frequency: 0.6,norm. neg. mean shift: 0.0,avg. med. dev. gain: 0.0])
Size of boundary queue: 887
Mar 02, 2020 8:42:11 AM de.unibonn.realkd.algorithms.branchbound.BestFirstBranchAndBound logStats
INFO: 7746/75433(0.10268715283761749) nodes discarded/created (4/4 best solution depth/max depth)
kth-best found - potential left: 0.25541919626129755 - 0.2552607704470869 (1.0006206430151143)  
ExceptionalPattern(Subgroup([Natoms<=80.0000, beta<=92.6991, beta<=98.5361, ecn_bond_dist_In_Al<=3.15323, vol_per_atom<=12.7372], Sample(mean=0.09579, std=0.12792, med=0.05270, amd=0.08083), Sample(mean=0.10276, std=0.16994, med=0.05270, amd=0.08082)), [support: 290.0,frequency: 0.58,norm. neg. mean shift: 0.06783956296591029,avg. med. dev. gain: 0.0])
Size of boundary queue: 463
Mar 02, 2020 8:42:11 AM de.unibonn.realkd.algorithms.emm.ExceptionalSubgroupBestFirstBranchAndBound concreteCall
INFO: Start post-processing
Mar 02, 2020 8:42:11 AM de.unibonn.realkd.algorithms.emm.ExceptionalSubgroupBestFirstBranchAndBound concreteCall
INFO: Done post-processing
