Mar 02, 2020 9:07:09 AM de.unibonn.realkd.common.parameter.DefaultSubCollectionParameter$JsonStringToCollectionParser findByString
WARNING: Could not find element 'soap_predE' in collection.
Mar 02, 2020 9:07:09 AM de.unibonn.realkd.common.parameter.DefaultSubCollectionParameter$JsonStringToCollectionParser findByString
WARNING: Could not find element 'ngram_predE' in collection.
Mar 02, 2020 9:07:09 AM de.unibonn.realkd.common.parameter.DefaultSubCollectionParameter$JsonStringToCollectionParser findByString
WARNING: Could not find element 'norm_abs_error' in collection.
Mar 02, 2020 9:07:09 AM de.unibonn.realkd.common.parameter.DefaultSubCollectionParameter$JsonStringToCollectionParser findByString
WARNING: Could not find element 'norm_error' in collection.
Mar 02, 2020 9:07:09 AM de.unibonn.realkd.common.parameter.DefaultSubCollectionParameter$JsonStringToCollectionParser findByString
WARNING: Could not find element 'abs_sq_error' in collection.
Mar 02, 2020 9:07:09 AM de.unibonn.realkd.common.parameter.DefaultSubCollectionParameter$JsonStringToCollectionParser findByString
WARNING: Could not find element 'norm_abs_error_bystd' in collection.
Mar 02, 2020 9:07:09 AM de.unibonn.realkd.common.parameter.DefaultSubCollectionParameter$JsonStringToCollectionParser findByString
WARNING: Could not find element 'norm_sq_error_bystd' in collection.
Mar 02, 2020 9:07:09 AM de.unibonn.realkd.common.parameter.ParameterContainer lambda$pass$4
WARNING: Parameter value of num_results could not be passed to container.
Mar 02, 2020 9:07:09 AM de.unibonn.realkd.run.LegacyComputationSpecification build
INFO: accepted parameter values:
table=WPO 1.0.0
targets=[norm_abs_error]
modeling=Empirical distribution
dev_measure=norm. neg. mean shift
cov_func=coverage
controls=Optional.empty
cov_weight=1.0
ctr_weight=1.0
props=Statements about WPO 1.0.0
descr_lang=Closed conjunctions
attr_filter=[Ef, mbtr_predE, abs_error, sum_pred_Ef_and_abs_error, sum_Ef_and_normalized_error, error, sq_error]
num_res=1
oest=coverage and negative mean shift
apx_fac=1.0
max_depth=Optional[4]
Mar 02, 2020 9:07:09 AM de.unibonn.realkd.algorithms.branchbound.BestFirstBranchAndBound updateResults
INFO: Best solution updated: ExceptionalPattern(Subgroup([Natoms<=80.0000, beta>=88.9526, gamma>=88.6772, gamma>=89.5751, id<117.500, id<235.500, id<=358.000, id<=478.500], Sample(mean=0.09807, std=0.16140, med=0.04964, amd=0.09145), Sample(mean=0.09882, std=0.17076, med=0.04964, amd=0.07691)), [support: 100.0,frequency: 0.2,norm. neg. mean shift: 0.007541599745090801,avg. med. dev. gain: 0.0]); value 0.0015083199490181602
Mar 02, 2020 9:07:09 AM de.unibonn.realkd.algorithms.branchbound.BestFirstBranchAndBound updateResults
INFO: Best solution updated: ExceptionalPattern(Subgroup([Natoms<=80.0000, id<235.500, id<=358.000, id<=478.500], Sample(mean=0.08769, std=0.13888, med=0.04282, amd=0.07983), Sample(mean=0.09882, std=0.17076, med=0.04964, amd=0.07691)), [support: 202.0,frequency: 0.404,norm. neg. mean shift: 0.1126391809479936,avg. med. dev. gain: 0.0]); value 0.04550622910298942
Mar 02, 2020 9:07:09 AM de.unibonn.realkd.algorithms.branchbound.BestFirstBranchAndBound updateResults
INFO: Best solution updated: ExceptionalPattern(Subgroup([Natoms<=80.0000, id<=358.000, id<=478.500], Sample(mean=0.09129, std=0.15310, med=0.04282, amd=0.08518), Sample(mean=0.09882, std=0.17076, med=0.04964, amd=0.07691)), [support: 301.0,frequency: 0.602,norm. neg. mean shift: 0.07617140258130028,avg. med. dev. gain: 0.0]); value 0.04585518435394277
Mar 02, 2020 9:07:09 AM de.unibonn.realkd.algorithms.branchbound.BestFirstBranchAndBound updateResults
INFO: Best solution updated: ExceptionalPattern(Subgroup([Natoms<=80.0000, Natoms>=50.0000, alpha>=60.9514, b>=5.59494, beta>=88.9526, c>=4.06441, gamma>=88.6772, gamma>=89.5751], Sample(mean=0.06689, std=0.13660, med=0.03587, amd=0.05585), Sample(mean=0.09882, std=0.17076, med=0.04964, amd=0.07691)), [support: 314.0,frequency: 0.628,norm. neg. mean shift: 0.3231171883929019,avg. med. dev. gain: 0.2737946124306033]); value 0.20291759431074238
Mar 02, 2020 9:07:10 AM de.unibonn.realkd.algorithms.branchbound.BestFirstBranchAndBound updateResults
INFO: Best solution updated: ExceptionalPattern(Subgroup([Natoms<=80.0000, a_c<=3.89602, b>=5.59494, beta<90.3548, beta<=92.6991, beta<=98.8262, c>=4.06441], Sample(mean=0.06493, std=0.12482, med=0.03781, amd=0.05198), Sample(mean=0.09882, std=0.17076, med=0.04964, amd=0.07691)), [support: 323.0,frequency: 0.646,norm. neg. mean shift: 0.34293034094614444,avg. med. dev. gain: 0.3241266203716879]); value 0.2215330002512093
Mar 02, 2020 9:07:12 AM de.unibonn.realkd.algorithms.branchbound.BestFirstBranchAndBound updateResults
INFO: Best solution updated: ExceptionalPattern(Subgroup([Natoms<=80.0000, a_c<=3.89602, b>=5.59494, beta<90.3548, beta<=92.6991, beta<=98.8262], Sample(mean=0.06484, std=0.12378, med=0.03797, amd=0.05161), Sample(mean=0.09882, std=0.17076, med=0.04964, amd=0.07691)), [support: 329.0,frequency: 0.658,norm. neg. mean shift: 0.3438656386069701,avg. med. dev. gain: 0.32893538146247725]); value 0.22626359020338635
Mar 02, 2020 9:07:12 AM de.unibonn.realkd.algorithms.branchbound.BestFirstBranchAndBound updateResults
INFO: Best solution updated: ExceptionalPattern(Subgroup([Natoms<=80.0000, a_c<=3.89602, b>=5.59494, beta<90.3548, beta<=92.6991, beta<=98.8262, ecn_bond_dist_Al_O<=2.05770], Sample(mean=0.05587, std=0.07039, med=0.03579, amd=0.04239), Sample(mean=0.09882, std=0.17076, med=0.04964, amd=0.07691)), [support: 288.0,frequency: 0.576,norm. neg. mean shift: 0.4345891524338262,avg. med. dev. gain: 0.448844531486254]); value 0.25032335180188386
Mar 02, 2020 9:07:12 AM de.unibonn.realkd.algorithms.branchbound.BestFirstBranchAndBound logStats
INFO: 861/10005(0.08605697151424288) nodes discarded/created (4/4 best solution depth/max depth)
kth-best found - potential left: 0.25032335180188386 - 0.3467518827894333 (0.7219091351088464)  
ExceptionalPattern(Subgroup([Natoms<=80.0000, a_c<=3.89602, beta<=98.8262, ecn_bond_dist_Al_O>=0.892452], Sample(mean=0.08887, std=0.16450, med=0.04349, amd=0.08093), Sample(mean=0.09882, std=0.17076, med=0.04964, amd=0.07691)), [support: 357.0,frequency: 0.714,norm. neg. mean shift: 0.100656236731771,avg. med. dev. gain: 0.0])
Size of boundary queue: 2602
Mar 02, 2020 9:07:15 AM de.unibonn.realkd.algorithms.branchbound.BestFirstBranchAndBound logStats
INFO: 1905/20002(0.09524047595240476) nodes discarded/created (4/4 best solution depth/max depth)
kth-best found - potential left: 0.25032335180188386 - 0.323577914928062 (0.7736107449036993)  
ExceptionalPattern(Subgroup([Natoms<=80.0000, c>=4.06441, ecn_bond_dist_In_O>=0.884845, ecn_bond_dist_O_In>=0.399028, gamma<=90.9360, gamma<=97.7834, percent_atom_in>=0.0729167], Sample(mean=0.07518, std=0.13297, med=0.04471, amd=0.06084), Sample(mean=0.09882, std=0.17076, med=0.04964, amd=0.07691)), [support: 331.0,frequency: 0.662,norm. neg. mean shift: 0.23920510479849,avg. med. dev. gain: 0.2089726551457871])
Size of boundary queue: 3292
Mar 02, 2020 9:07:17 AM de.unibonn.realkd.algorithms.branchbound.BestFirstBranchAndBound logStats
INFO: 2748/30000(0.0916) nodes discarded/created (4/4 best solution depth/max depth)
kth-best found - potential left: 0.25032335180188386 - 0.30705248675159946 (0.8152461308818236)  
ExceptionalPattern(Subgroup([Natoms<=80.0000, beta<=92.6991, beta<=98.8262, ecn_bond_dist_Ga_O>=0.877160, id<=478.500], Sample(mean=0.09065, std=0.16893, med=0.04223, amd=0.08504), Sample(mean=0.09882, std=0.17076, med=0.04964, amd=0.07691)), [support: 311.0,frequency: 0.622,norm. neg. mean shift: 0.08262867476217281,avg. med. dev. gain: 0.0])
Size of boundary queue: 3315
Mar 02, 2020 9:07:19 AM de.unibonn.realkd.algorithms.branchbound.BestFirstBranchAndBound updateResults
INFO: Best solution updated: ExceptionalPattern(Subgroup([Natoms<=80.0000, Natoms>=50.0000, a_c<=3.89602, alpha>=60.9514, b>=5.59494, beta<90.3548, beta<=92.6991, beta<=98.8262, beta>=88.9526, c>=4.06441, ecn_bond_dist_Al_O<=2.05770, gamma>=88.6772, gamma>=89.5751], Sample(mean=0.04417, std=0.04216, med=0.03195, amd=0.03093), Sample(mean=0.09882, std=0.17076, med=0.04964, amd=0.07691)), [support: 228.0,frequency: 0.456,norm. neg. mean shift: 0.553047459086594,avg. med. dev. gain: 0.597902206782764]); value 0.25218964134348687
Mar 02, 2020 9:07:19 AM de.unibonn.realkd.algorithms.branchbound.BestFirstBranchAndBound logStats
INFO: 3597/40024(0.08987107735358785) nodes discarded/created (3/4 best solution depth/max depth)
kth-best found - potential left: 0.25218964134348687 - 0.29320553978453034 (0.8601121299714014)  
ExceptionalPattern(Subgroup([Natoms<=80.0000, ecn_bond_dist_Ga_Al<=3.14152, ecn_bond_dist_Ga_O<=2.06812, percent_atom_in<=0.640625, vol_per_atom<=12.7173], Sample(mean=0.10166, std=0.16536, med=0.04660, amd=0.09621), Sample(mean=0.09882, std=0.17076, med=0.04964, amd=0.07691)), [support: 315.0,frequency: 0.63,norm. neg. mean shift: 0.0,avg. med. dev. gain: 0.0])
Size of boundary queue: 3065
Mar 02, 2020 9:07:22 AM de.unibonn.realkd.algorithms.branchbound.BestFirstBranchAndBound logStats
INFO: 4555/50013(0.09107632015675925) nodes discarded/created (3/4 best solution depth/max depth)
kth-best found - potential left: 0.25218964134348687 - 0.282194468056464 (0.893673228537657)  
ExceptionalPattern(Subgroup([Natoms<=80.0000, ecn_bond_dist_Al_In>=0.397169, ecn_bond_dist_Al_O>=0.892452, ecn_bond_dist_In_Al>=0.897042, ecn_bond_dist_In_Al>=2.02743, ecn_bond_dist_In_O>=0.884845], Sample(mean=0.07807, std=0.14947, med=0.04488, amd=0.06495), Sample(mean=0.09882, std=0.17076, med=0.04964, amd=0.07691)), [support: 291.0,frequency: 0.582,norm. neg. mean shift: 0.2099888820305918,avg. med. dev. gain: 0.15545990458490996])
Size of boundary queue: 2729
Mar 02, 2020 9:07:24 AM de.unibonn.realkd.algorithms.branchbound.BestFirstBranchAndBound logStats
INFO: 5301/60012(0.08833233353329334) nodes discarded/created (3/4 best solution depth/max depth)
kth-best found - potential left: 0.25218964134348687 - 0.27184226059253397 (0.9277057981852773)  
ExceptionalPattern(Subgroup([Natoms<=80.0000, b>=5.59494, ecn_bond_dist_Ga_O>=0.877160, ecn_bond_dist_O_Ga>=0.365728, percent_atom_ga<=0.609375, percent_atom_ga>=0.109375], Sample(mean=0.08815, std=0.17589, med=0.03898, amd=0.08275), Sample(mean=0.09882, std=0.17076, med=0.04964, amd=0.07691)), [support: 270.0,frequency: 0.54,norm. neg. mean shift: 0.10792771811216692,avg. med. dev. gain: 0.0])
Size of boundary queue: 2108
Mar 02, 2020 9:07:26 AM de.unibonn.realkd.algorithms.branchbound.BestFirstBranchAndBound logStats
INFO: 6217/70013(0.08879779469527088) nodes discarded/created (3/4 best solution depth/max depth)
kth-best found - potential left: 0.25218964134348687 - 0.2623030371739119 (0.9614438477747413)  
ExceptionalPattern(Subgroup([Natoms<=80.0000, alpha>=60.9514, beta>=88.9526, ecn_bond_dist_Ga_O>=0.877160, ecn_bond_dist_In_O>=0.884845, ecn_bond_dist_O_Ga>=0.365728, percent_atom_ga>=0.109375], Sample(mean=0.07685, std=0.15250, med=0.03832, amd=0.06723), Sample(mean=0.09882, std=0.17076, med=0.04964, amd=0.07691)), [support: 256.0,frequency: 0.512,norm. neg. mean shift: 0.2222957673970922,avg. med. dev. gain: 0.1258453287080897])
Size of boundary queue: 1382
Mar 02, 2020 9:07:28 AM de.unibonn.realkd.algorithms.branchbound.BestFirstBranchAndBound logStats
INFO: 7015/80006(0.0876809239307052) nodes discarded/created (3/4 best solution depth/max depth)
kth-best found - potential left: 0.25218964134348687 - 0.2541932418063732 (0.992117805931235)  
ExceptionalPattern(Subgroup([Natoms<=80.0000, beta<=98.8262, ecn_bond_dist_In_Ga<=3.19508, percent_atom_al<=0.677083], Sample(mean=0.08710, std=0.13418, med=0.04471, amd=0.07729), Sample(mean=0.09882, std=0.17076, med=0.04964, amd=0.07691)), [support: 265.0,frequency: 0.53,norm. neg. mean shift: 0.11856920516953988,avg. med. dev. gain: 0.0])
Size of boundary queue: 626
Mar 02, 2020 9:07:29 AM de.unibonn.realkd.algorithms.branchbound.BestFirstBranchAndBound logStats
INFO: 7173/82487(0.08695915720052856) nodes discarded/created (3/4 best solution depth/max depth)
kth-best found - potential left: 0.25218964134348687 - 0.25214793915132855 (1.0001653877969365)  
ExceptionalPattern(Subgroup([Natoms<=80.0000, beta<90.3548, beta<=92.6991, beta<=98.8262, ecn_bond_dist_In_Al<=3.18205, percent_atom_al<=0.677083], Sample(mean=0.07206, std=0.10727, med=0.04282, amd=0.05730), Sample(mean=0.09882, std=0.17076, med=0.04964, amd=0.07691)), [support: 255.0,frequency: 0.51,norm. neg. mean shift: 0.2707794914672675,avg. med. dev. gain: 0.25503308637827804])
Size of boundary queue: 396
Mar 02, 2020 9:07:29 AM de.unibonn.realkd.algorithms.emm.ExceptionalSubgroupBestFirstBranchAndBound concreteCall
INFO: Start post-processing
Mar 02, 2020 9:07:29 AM de.unibonn.realkd.algorithms.emm.ExceptionalSubgroupBestFirstBranchAndBound concreteCall
INFO: Done post-processing
