Feb 11, 2020 5:25:07 PM de.unibonn.realkd.data.xarf.XarfParsing parse
INFO: Parsing input file
Feb 11, 2020 5:25:07 PM de.unibonn.realkd.common.base.Identifier identifier
WARNING: Invalid identifier string ecn_bond_dist_Al-Ga had to be altered to ecn_bond_dist_Al_Ga
Feb 11, 2020 5:25:07 PM de.unibonn.realkd.common.base.Identifier identifier
WARNING: Invalid identifier string ecn_bond_dist_Al-In had to be altered to ecn_bond_dist_Al_In
Feb 11, 2020 5:25:07 PM de.unibonn.realkd.common.base.Identifier identifier
WARNING: Invalid identifier string ecn_bond_dist_Al-O had to be altered to ecn_bond_dist_Al_O
Feb 11, 2020 5:25:07 PM de.unibonn.realkd.common.base.Identifier identifier
WARNING: Invalid identifier string ecn_bond_dist_Ga-Al had to be altered to ecn_bond_dist_Ga_Al
Feb 11, 2020 5:25:07 PM de.unibonn.realkd.common.base.Identifier identifier
WARNING: Invalid identifier string ecn_bond_dist_Ga-In had to be altered to ecn_bond_dist_Ga_In
Feb 11, 2020 5:25:07 PM de.unibonn.realkd.common.base.Identifier identifier
WARNING: Invalid identifier string ecn_bond_dist_Ga-O had to be altered to ecn_bond_dist_Ga_O
Feb 11, 2020 5:25:07 PM de.unibonn.realkd.common.base.Identifier identifier
WARNING: Invalid identifier string ecn_bond_dist_In-Al had to be altered to ecn_bond_dist_In_Al
Feb 11, 2020 5:25:07 PM de.unibonn.realkd.common.base.Identifier identifier
WARNING: Invalid identifier string ecn_bond_dist_In-Ga had to be altered to ecn_bond_dist_In_Ga
Feb 11, 2020 5:25:07 PM de.unibonn.realkd.common.base.Identifier identifier
WARNING: Invalid identifier string ecn_bond_dist_In-O had to be altered to ecn_bond_dist_In_O
Feb 11, 2020 5:25:07 PM de.unibonn.realkd.common.base.Identifier identifier
WARNING: Invalid identifier string ecn_bond_dist_O-Al had to be altered to ecn_bond_dist_O_Al
Feb 11, 2020 5:25:07 PM de.unibonn.realkd.common.base.Identifier identifier
WARNING: Invalid identifier string ecn_bond_dist_O-Ga had to be altered to ecn_bond_dist_O_Ga
Feb 11, 2020 5:25:07 PM de.unibonn.realkd.common.base.Identifier identifier
WARNING: Invalid identifier string ecn_bond_dist_O-In had to be altered to ecn_bond_dist_O_In
Feb 11, 2020 5:25:07 PM de.unibonn.realkd.data.xarf.XarfParsing parse
INFO: Done parsing ARFF file
Feb 11, 2020 5:25:07 PM de.unibonn.realkd.data.table.CSV csvStringListToListOfLists
INFO: Done reading data (500 number of rows)
Feb 11, 2020 5:25:07 PM de.unibonn.realkd.data.xarf.Xarf attributes
INFO: Done creating attributes (35 attributes created)
Feb 11, 2020 5:25:07 PM de.unibonn.realkd.data.xarf.Xarf derivedAttributes
INFO: Done creating derived attributes (0 derived attributes created)
Feb 11, 2020 5:25:07 PM de.unibonn.realkd.util.Lists kMeansCutPoints
WARNING: k-means search might not have converged; maximum number of iterations reached
Feb 11, 2020 5:25:07 PM de.unibonn.realkd.util.Lists kMeansCutPoints
WARNING: k-means search might not have converged; maximum number of iterations reached
Feb 11, 2020 5:25:07 PM de.unibonn.realkd.util.Lists kMeansCutPoints
WARNING: k-means search might not have converged; maximum number of iterations reached
Feb 11, 2020 5:25:07 PM de.unibonn.realkd.util.Lists kMeansCutPoints
WARNING: k-means search might not have converged; maximum number of iterations reached
Feb 11, 2020 5:25:07 PM de.unibonn.realkd.util.Lists kMeansCutPoints
WARNING: k-means search might not have converged; maximum number of iterations reached
Feb 11, 2020 5:25:07 PM de.unibonn.realkd.data.propositions.StandardPropositionalizationScheme apply
INFO: Done compiling proposition list (280 propositions added)
Feb 11, 2020 5:25:07 PM de.unibonn.realkd.common.workspace.Workspaces$WorkspaceWithFileBackups storeInFile
INFO: writing backup: population_of_sgd_2_0_0
Feb 11, 2020 5:25:07 PM de.unibonn.realkd.common.workspace.Workspaces$WorkspaceWithFileBackups storeInFile
INFO: writing backup: sgd_2_0_0
Feb 11, 2020 5:25:07 PM de.unibonn.realkd.common.workspace.Workspaces$WorkspaceWithFileBackups storeInFile
INFO: writing backup: statements_about_sgd_2_0_0
Feb 11, 2020 5:25:18 PM de.unibonn.realkd.common.workspace.Workspaces$WorkspaceWithFileBackups storeInFile
INFO: writing backup: $results_of_norm_abs_error_cov_weight_1_0
