Mar 02, 2020 8:41:50 AM de.unibonn.realkd.common.parameter.DefaultSubCollectionParameter$JsonStringToCollectionParser findByString
WARNING: Could not find element 'soap_predE' in collection.
Mar 02, 2020 8:41:50 AM de.unibonn.realkd.common.parameter.DefaultSubCollectionParameter$JsonStringToCollectionParser findByString
WARNING: Could not find element 'mbtr_predE' in collection.
Mar 02, 2020 8:41:50 AM de.unibonn.realkd.common.parameter.DefaultSubCollectionParameter$JsonStringToCollectionParser findByString
WARNING: Could not find element 'norm_abs_error' in collection.
Mar 02, 2020 8:41:50 AM de.unibonn.realkd.common.parameter.DefaultSubCollectionParameter$JsonStringToCollectionParser findByString
WARNING: Could not find element 'norm_error' in collection.
Mar 02, 2020 8:41:50 AM de.unibonn.realkd.common.parameter.DefaultSubCollectionParameter$JsonStringToCollectionParser findByString
WARNING: Could not find element 'abs_sq_error' in collection.
Mar 02, 2020 8:41:50 AM de.unibonn.realkd.common.parameter.DefaultSubCollectionParameter$JsonStringToCollectionParser findByString
WARNING: Could not find element 'norm_abs_error_bystd' in collection.
Mar 02, 2020 8:41:50 AM de.unibonn.realkd.common.parameter.DefaultSubCollectionParameter$JsonStringToCollectionParser findByString
WARNING: Could not find element 'norm_sq_error_bystd' in collection.
Mar 02, 2020 8:41:50 AM de.unibonn.realkd.common.parameter.ParameterContainer lambda$pass$4
WARNING: Parameter value of num_results could not be passed to container.
Mar 02, 2020 8:41:50 AM de.unibonn.realkd.run.LegacyComputationSpecification build
INFO: accepted parameter values:
table=WPO 1.0.0
targets=[norm_abs_error]
modeling=Empirical distribution
dev_measure=norm. neg. mean shift
cov_func=coverage
controls=Optional.empty
cov_weight=1.0
ctr_weight=1.0
props=Statements about WPO 1.0.0
descr_lang=Closed conjunctions
attr_filter=[Ef, ngram_predE, abs_error, sum_pred_Ef_and_abs_error, sum_Ef_and_normalized_error, error, sq_error]
num_res=1
oest=coverage and negative mean shift
apx_fac=1.0
max_depth=Optional[4]
Mar 02, 2020 8:41:50 AM de.unibonn.realkd.algorithms.branchbound.BestFirstBranchAndBound updateResults
INFO: Best solution updated: ExceptionalPattern(Subgroup([Natoms<=80.0000, beta>=88.9549, gamma>=88.6772, gamma>=89.5751, id<123.500, id<250.000, id<=372.500, id<=490.500], Sample(mean=0.10402, std=0.18378, med=0.05477, amd=0.09140), Sample(mean=0.10613, std=0.18524, med=0.05289, amd=0.08275)), [support: 98.0,frequency: 0.196,norm. neg. mean shift: 0.019835436576083398,avg. med. dev. gain: 0.0]); value 0.0038877455689123462
Mar 02, 2020 8:41:50 AM de.unibonn.realkd.algorithms.branchbound.BestFirstBranchAndBound updateResults
INFO: Best solution updated: ExceptionalPattern(Subgroup([Natoms<=80.0000, id<250.000, id<=372.500, id<=490.500], Sample(mean=0.09872, std=0.17182, med=0.04897, amd=0.09033), Sample(mean=0.10613, std=0.18524, med=0.05289, amd=0.08275)), [support: 202.0,frequency: 0.404,norm. neg. mean shift: 0.0697866162146224,avg. med. dev. gain: 0.0]); value 0.028193792950707453
Mar 02, 2020 8:41:50 AM de.unibonn.realkd.algorithms.branchbound.BestFirstBranchAndBound updateResults
INFO: Best solution updated: ExceptionalPattern(Subgroup([Natoms<=80.0000, id<=372.500, id<=490.500], Sample(mean=0.09783, std=0.15305, med=0.05197, amd=0.08604), Sample(mean=0.10613, std=0.18524, med=0.05289, amd=0.08275)), [support: 307.0,frequency: 0.614,norm. neg. mean shift: 0.07816471765438902,avg. med. dev. gain: 0.0]); value 0.04799313663979486
Mar 02, 2020 8:41:50 AM de.unibonn.realkd.algorithms.branchbound.BestFirstBranchAndBound updateResults
INFO: Best solution updated: ExceptionalPattern(Subgroup([Natoms<=80.0000, id<=490.500], Sample(mean=0.09933, std=0.16834, med=0.05110, amd=0.08872), Sample(mean=0.10613, std=0.18524, med=0.05289, amd=0.08275)), [support: 407.0,frequency: 0.814,norm. neg. mean shift: 0.06410409719593921,avg. med. dev. gain: 0.0]); value 0.05218073511749451
Mar 02, 2020 8:41:50 AM de.unibonn.realkd.algorithms.branchbound.BestFirstBranchAndBound updateResults
INFO: Best solution updated: ExceptionalPattern(Subgroup([Natoms<=80.0000, Natoms>=50.0000, alpha>=60.9679, b>=5.59494, beta>=88.9549, c>=4.06441, gamma>=88.6772, gamma>=89.5751], Sample(mean=0.08712, std=0.18111, med=0.04239, amd=0.08174), Sample(mean=0.10613, std=0.18524, med=0.05289, amd=0.08275)), [support: 306.0,frequency: 0.612,norm. neg. mean shift: 0.17909192742338512,avg. med. dev. gain: 0.012188971631600811]); value 0.1096042595831117
Mar 02, 2020 8:41:50 AM de.unibonn.realkd.algorithms.branchbound.BestFirstBranchAndBound updateResults
INFO: Best solution updated: ExceptionalPattern(Subgroup([Natoms<=80.0000, ecn_bond_dist_In_O>=0.884845, ecn_bond_dist_O_In>=0.323741, percent_atom_in>=0.0729167], Sample(mean=0.08822, std=0.13355, med=0.04886, amd=0.07326), Sample(mean=0.10613, std=0.18524, med=0.05289, amd=0.08275)), [support: 370.0,frequency: 0.74,norm. neg. mean shift: 0.1687468762693513,avg. med. dev. gain: 0.1146125536154552]); value 0.12487268843931996
Mar 02, 2020 8:41:50 AM de.unibonn.realkd.algorithms.branchbound.BestFirstBranchAndBound updateResults
INFO: Best solution updated: ExceptionalPattern(Subgroup([Natoms<=80.0000, b>=5.59494], Sample(mean=0.08943, std=0.16119, med=0.04438, amd=0.07971), Sample(mean=0.10613, std=0.18524, med=0.05289, amd=0.08275)), [support: 431.0,frequency: 0.862,norm. neg. mean shift: 0.15733862826498726,avg. med. dev. gain: 0.03672862229970343]); value 0.135625897564419
Mar 02, 2020 8:41:50 AM de.unibonn.realkd.algorithms.branchbound.BestFirstBranchAndBound updateResults
INFO: Best solution updated: ExceptionalPattern(Subgroup([Natoms<=80.0000, ecn_bond_dist_Al_In>=0.397169, ecn_bond_dist_Al_O>=0.887832, ecn_bond_dist_In_O>=0.884845], Sample(mean=0.07806, std=0.12428, med=0.04438, amd=0.06292), Sample(mean=0.10613, std=0.18524, med=0.05289, amd=0.08275)), [support: 317.0,frequency: 0.634,norm. neg. mean shift: 0.2644582555850021,avg. med. dev. gain: 0.2396442230448954]); value 0.16766653404089132
Mar 02, 2020 8:41:50 AM de.unibonn.realkd.algorithms.branchbound.BestFirstBranchAndBound updateResults
INFO: Best solution updated: ExceptionalPattern(Subgroup([Natoms<=80.0000, alpha>=60.9679, beta>=88.9549, ecn_bond_dist_Al_In>=0.397169, ecn_bond_dist_Al_O>=0.887832, ecn_bond_dist_In_O>=0.884845], Sample(mean=0.07407, std=0.12444, med=0.04312, amd=0.05937), Sample(mean=0.10613, std=0.18524, med=0.05289, amd=0.08275)), [support: 297.0,frequency: 0.594,norm. neg. mean shift: 0.3020793354524794,avg. med. dev. gain: 0.2824789686122467]); value 0.17943512525877275
Mar 02, 2020 8:41:50 AM de.unibonn.realkd.algorithms.branchbound.BestFirstBranchAndBound updateResults
INFO: Best solution updated: ExceptionalPattern(Subgroup([Natoms<=80.0000, ecn_bond_dist_Ga_O<=2.07021, ecn_bond_dist_In_O>=0.884845], Sample(mean=0.07459, std=0.12135, med=0.04341, amd=0.06068), Sample(mean=0.10613, std=0.18524, med=0.05289, amd=0.08275)), [support: 337.0,frequency: 0.674,norm. neg. mean shift: 0.2971357697144138,avg. med. dev. gain: 0.2667071608468453]); value 0.20026950878751493
Mar 02, 2020 8:41:50 AM de.unibonn.realkd.algorithms.branchbound.BestFirstBranchAndBound updateResults
INFO: Best solution updated: ExceptionalPattern(Subgroup([Natoms<=80.0000, alpha>=60.9679, beta>=88.9549, ecn_bond_dist_Ga_O<=2.07021, ecn_bond_dist_In_O>=0.884845], Sample(mean=0.06944, std=0.12121, med=0.04243, amd=0.05628), Sample(mean=0.10613, std=0.18524, med=0.05289, amd=0.08275)), [support: 312.0,frequency: 0.624,norm. neg. mean shift: 0.3456969617699305,avg. med. dev. gain: 0.31987083491949186]); value 0.21571490414443661
Mar 02, 2020 8:41:50 AM de.unibonn.realkd.algorithms.branchbound.BestFirstBranchAndBound updateResults
INFO: Best solution updated: ExceptionalPattern(Subgroup([Natoms<=80.0000, ecn_bond_dist_Al_O<=2.05770, ecn_bond_dist_Ga_O<=2.07021, ecn_bond_dist_In_O>=0.884845], Sample(mean=0.06747, std=0.07415, med=0.04294, amd=0.05230), Sample(mean=0.10613, std=0.18524, med=0.05289, amd=0.08275)), [support: 304.0,frequency: 0.608,norm. neg. mean shift: 0.3642200510236543,avg. med. dev. gain: 0.3678945195942527]); value 0.2214457910223818
Mar 02, 2020 8:41:51 AM de.unibonn.realkd.algorithms.branchbound.BestFirstBranchAndBound updateResults
INFO: Best solution updated: ExceptionalPattern(Subgroup([Natoms<=80.0000, alpha>=60.9679, beta>=88.9549, ecn_bond_dist_Al_O<=2.05770, ecn_bond_dist_Ga_O<=2.07021, ecn_bond_dist_In_O>=0.884845], Sample(mean=0.06107, std=0.06733, med=0.04116, amd=0.04615), Sample(mean=0.10613, std=0.18524, med=0.05289, amd=0.08275)), [support: 279.0,frequency: 0.558,norm. neg. mean shift: 0.42453617630699575,avg. med. dev. gain: 0.44231599100495206]); value 0.23689118637930365
Mar 02, 2020 8:41:53 AM de.unibonn.realkd.algorithms.branchbound.BestFirstBranchAndBound logStats
INFO: 1218/10005(0.12173913043478261) nodes discarded/created (4/4 best solution depth/max depth)
kth-best found - potential left: 0.23689118637930365 - 0.3394019679827438 (0.6979664490081798)  
ExceptionalPattern(Subgroup([Natoms<=80.0000, beta<=93.0589, beta<=98.8262, beta>=88.9549, ecn_bond_dist_In_O<=2.07270], Sample(mean=0.09430, std=0.17560, med=0.04763, amd=0.08541), Sample(mean=0.10613, std=0.18524, med=0.05289, amd=0.08275)), [support: 350.0,frequency: 0.7,norm. neg. mean shift: 0.11142572202850623,avg. med. dev. gain: 0.0])
Size of boundary queue: 2423
Mar 02, 2020 8:41:55 AM de.unibonn.realkd.algorithms.branchbound.BestFirstBranchAndBound updateResults
INFO: Best solution updated: ExceptionalPattern(Subgroup([Natoms<=80.0000, b>=5.59494, beta<90.3548, beta<=93.0589, beta<=98.8262, ecn_bond_dist_Al_O<=2.05770, ecn_bond_dist_Ga_O<=2.07021], Sample(mean=0.05542, std=0.07003, med=0.03443, amd=0.04304), Sample(mean=0.10613, std=0.18524, med=0.05289, amd=0.08275)), [support: 264.0,frequency: 0.528,norm. neg. mean shift: 0.477806416847628,avg. med. dev. gain: 0.47979856250988634]); value 0.2522817880955476
Mar 02, 2020 8:41:55 AM de.unibonn.realkd.algorithms.branchbound.BestFirstBranchAndBound logStats
INFO: 2160/20024(0.10787055533359968) nodes discarded/created (4/4 best solution depth/max depth)
kth-best found - potential left: 0.2522817880955476 - 0.3153965319703412 (0.7998876415016234)  
ExceptionalPattern(Subgroup([Natoms<=80.0000, ecn_bond_dist_Al_Ga>=0.660799, ecn_bond_dist_Al_O>=0.887832, ecn_bond_dist_Ga_O>=0.876602, percent_atom_in<=0.640625, vol_per_atom<=12.7374], Sample(mean=0.10681, std=0.20840, med=0.05163, amd=0.09975), Sample(mean=0.10613, std=0.18524, med=0.05289, amd=0.08275)), [support: 339.0,frequency: 0.678,norm. neg. mean shift: 0.0,avg. med. dev. gain: 0.0])
Size of boundary queue: 3200
Mar 02, 2020 8:41:57 AM de.unibonn.realkd.algorithms.branchbound.BestFirstBranchAndBound logStats
INFO: 3106/30012(0.10349193655870985) nodes discarded/created (4/4 best solution depth/max depth)
kth-best found - potential left: 0.2522817880955476 - 0.3006061252685046 (0.8392436710004055)  
ExceptionalPattern(Subgroup([Natoms<=80.0000, ecn_bond_dist_Al_O>=0.887832, ecn_bond_dist_O_Al>=0.358355, id<=490.500, percent_atom_al>=0.109375], Sample(mean=0.09115, std=0.15393, med=0.04897, amd=0.08031), Sample(mean=0.10613, std=0.18524, med=0.05289, amd=0.08275)), [support: 313.0,frequency: 0.626,norm. neg. mean shift: 0.14110718765890473,avg. med. dev. gain: 0.02940894323258343])
Size of boundary queue: 3301
Mar 02, 2020 8:41:59 AM de.unibonn.realkd.algorithms.branchbound.BestFirstBranchAndBound logStats
INFO: 3921/40011(0.09799805053610257) nodes discarded/created (4/4 best solution depth/max depth)
kth-best found - potential left: 0.2522817880955476 - 0.28809935360310845 (0.8756763419993511)  
ExceptionalPattern(Subgroup([Natoms<=80.0000, a_c<=3.87282, ecn_bond_dist_Ga_O>=0.876602, ecn_bond_dist_Ga_O>=1.87048], Sample(mean=0.11511, std=0.18944, med=0.05798, amd=0.10287), Sample(mean=0.10613, std=0.18524, med=0.05289, amd=0.08275)), [support: 338.0,frequency: 0.676,norm. neg. mean shift: 0.0,avg. med. dev. gain: 0.0])
Size of boundary queue: 2942
Mar 02, 2020 8:42:02 AM de.unibonn.realkd.algorithms.branchbound.BestFirstBranchAndBound logStats
INFO: 4843/50018(0.09682514294853853) nodes discarded/created (4/4 best solution depth/max depth)
kth-best found - potential left: 0.2522817880955476 - 0.27708118952064476 (0.910497708386482)  
ExceptionalPattern(Subgroup([Natoms<=80.0000, alpha>=60.9679, beta>=88.9549, ecn_bond_dist_In_O>=0.884845, ecn_bond_dist_O_Ga<=1.75888], Sample(mean=0.08832, std=0.14547, med=0.04727, amd=0.07742), Sample(mean=0.10613, std=0.18524, med=0.05289, amd=0.08275)), [support: 284.0,frequency: 0.568,norm. neg. mean shift: 0.16776330565769337,avg. med. dev. gain: 0.06434965523547106])
Size of boundary queue: 2476
Mar 02, 2020 8:42:04 AM de.unibonn.realkd.algorithms.branchbound.BestFirstBranchAndBound logStats
INFO: 5767/60005(0.09610865761186568) nodes discarded/created (4/4 best solution depth/max depth)
kth-best found - potential left: 0.2522817880955476 - 0.2672162616244223 (0.9441109106231513)  
ExceptionalPattern(Subgroup([Natoms<=80.0000, alpha>=60.9679, beta>=88.9549, ecn_bond_dist_Ga_In>=0.423511, ecn_bond_dist_Ga_O>=0.876602, ecn_bond_dist_In_O>=0.884845, ecn_bond_dist_O_Ga>=0.365728, percent_atom_ga>=0.0885417], Sample(mean=0.07779, std=0.13483, med=0.04373, amd=0.06369), Sample(mean=0.10613, std=0.18524, med=0.05289, amd=0.08275)), [support: 264.0,frequency: 0.528,norm. neg. mean shift: 0.26703720675978737,avg. med. dev. gain: 0.2302827489134315])
Size of boundary queue: 1852
Mar 02, 2020 8:42:06 AM de.unibonn.realkd.algorithms.branchbound.BestFirstBranchAndBound logStats
INFO: 6594/70012(0.09418385419642347) nodes discarded/created (4/4 best solution depth/max depth)
kth-best found - potential left: 0.2522817880955476 - 0.2583154443746629 (0.9766422937129378)  
ExceptionalPattern(Subgroup([Natoms<=80.0000, b>=5.59494, ecn_bond_dist_Al_Ga>=0.660799, ecn_bond_dist_Al_O>=0.887832, ecn_bond_dist_Ga_O>=0.876602, percent_atom_al<=0.677083], Sample(mean=0.08738, std=0.18261, med=0.04438, amd=0.07700), Sample(mean=0.10613, std=0.18524, med=0.05289, amd=0.08275)), [support: 258.0,frequency: 0.516,norm. neg. mean shift: 0.17665443627098018,avg. med. dev. gain: 0.06945408965638714])
Size of boundary queue: 1097
Mar 02, 2020 8:42:07 AM de.unibonn.realkd.algorithms.branchbound.BestFirstBranchAndBound logStats
INFO: 7113/77094(0.09226398941551872) nodes discarded/created (4/4 best solution depth/max depth)
kth-best found - potential left: 0.2522817880955476 - 0.25227476820681205 (1.0000278263608582)  
ExceptionalPattern(Subgroup([Natoms<=80.0000, c<=9.37687, ecn_bond_dist_Al_Ga>=0.660799, ecn_bond_dist_Al_O>=0.887832, ecn_bond_dist_Ga_O>=0.876602, id<=490.500], Sample(mean=0.10287, std=0.19020, med=0.04932, amd=0.09441), Sample(mean=0.10613, std=0.18524, med=0.05289, amd=0.08275)), [support: 270.0,frequency: 0.54,norm. neg. mean shift: 0.030717793302944007,avg. med. dev. gain: 0.0])
Size of boundary queue: 525
Mar 02, 2020 8:42:07 AM de.unibonn.realkd.algorithms.emm.ExceptionalSubgroupBestFirstBranchAndBound concreteCall
INFO: Start post-processing
Mar 02, 2020 8:42:07 AM de.unibonn.realkd.algorithms.emm.ExceptionalSubgroupBestFirstBranchAndBound concreteCall
INFO: Done post-processing
