Mar 02, 2020 9:07:21 AM de.unibonn.realkd.common.parameter.DefaultSubCollectionParameter$JsonStringToCollectionParser findByString
WARNING: Could not find element 'soap_predE' in collection.
Mar 02, 2020 9:07:21 AM de.unibonn.realkd.common.parameter.DefaultSubCollectionParameter$JsonStringToCollectionParser findByString
WARNING: Could not find element 'ngram_predE' in collection.
Mar 02, 2020 9:07:21 AM de.unibonn.realkd.common.parameter.DefaultSubCollectionParameter$JsonStringToCollectionParser findByString
WARNING: Could not find element 'norm_abs_error' in collection.
Mar 02, 2020 9:07:21 AM de.unibonn.realkd.common.parameter.DefaultSubCollectionParameter$JsonStringToCollectionParser findByString
WARNING: Could not find element 'norm_error' in collection.
Mar 02, 2020 9:07:21 AM de.unibonn.realkd.common.parameter.DefaultSubCollectionParameter$JsonStringToCollectionParser findByString
WARNING: Could not find element 'abs_sq_error' in collection.
Mar 02, 2020 9:07:21 AM de.unibonn.realkd.common.parameter.DefaultSubCollectionParameter$JsonStringToCollectionParser findByString
WARNING: Could not find element 'norm_abs_error_bystd' in collection.
Mar 02, 2020 9:07:21 AM de.unibonn.realkd.common.parameter.DefaultSubCollectionParameter$JsonStringToCollectionParser findByString
WARNING: Could not find element 'norm_sq_error_bystd' in collection.
Mar 02, 2020 9:07:21 AM de.unibonn.realkd.common.parameter.ParameterContainer lambda$pass$4
WARNING: Parameter value of num_results could not be passed to container.
Mar 02, 2020 9:07:21 AM de.unibonn.realkd.run.LegacyComputationSpecification build
INFO: accepted parameter values:
table=WPO 1.0.0
targets=[norm_abs_error]
modeling=Empirical distribution
dev_measure=norm. neg. mean shift
cov_func=coverage
controls=Optional.empty
cov_weight=1.0
ctr_weight=1.0
props=Statements about WPO 1.0.0
descr_lang=Closed conjunctions
attr_filter=[Ef, mbtr_predE, abs_error, sum_pred_Ef_and_abs_error, sum_Ef_and_normalized_error, error, sq_error]
num_res=1
oest=coverage and negative mean shift
apx_fac=1.0
max_depth=Optional[4]
Mar 02, 2020 9:07:21 AM de.unibonn.realkd.algorithms.branchbound.BestFirstBranchAndBound updateResults
INFO: Best solution updated: ExceptionalPattern(Subgroup([Natoms<=80.0000, beta>=88.9526, gamma>=88.6724, gamma>=89.5751, id<119.500, id<243.000, id<=363.500, id<=481.000], Sample(mean=0.09257, std=0.16158, med=0.03898, amd=0.09071), Sample(mean=0.09865, std=0.17192, med=0.04964, amd=0.07765)), [support: 102.0,frequency: 0.204,norm. neg. mean shift: 0.061586875307271374,avg. med. dev. gain: 0.0]); value 0.01256372256268336
Mar 02, 2020 9:07:21 AM de.unibonn.realkd.algorithms.branchbound.BestFirstBranchAndBound updateResults
INFO: Best solution updated: ExceptionalPattern(Subgroup([Natoms<=80.0000, beta>=88.9526, id<243.000, id<=363.500, id<=481.000], Sample(mean=0.08337, std=0.13985, med=0.03746, amd=0.07828), Sample(mean=0.09865, std=0.17192, med=0.04964, amd=0.07765)), [support: 196.0,frequency: 0.392,norm. neg. mean shift: 0.15487281873654002,avg. med. dev. gain: 0.0]); value 0.06071014494472369
Mar 02, 2020 9:07:21 AM de.unibonn.realkd.algorithms.branchbound.BestFirstBranchAndBound updateResults
INFO: Best solution updated: ExceptionalPattern(Subgroup([Natoms<=80.0000, Natoms>=50.0000, alpha>=60.9679, b>=5.59494, beta>=88.9526, c>=4.05411, gamma>=88.6724, gamma>=89.5751], Sample(mean=0.06888, std=0.14041, med=0.03445, amd=0.05932), Sample(mean=0.09865, std=0.17192, med=0.04964, amd=0.07765)), [support: 310.0,frequency: 0.62,norm. neg. mean shift: 0.30173444282609874,avg. med. dev. gain: 0.23607215614161103]); value 0.18707535455218122
Mar 02, 2020 9:07:21 AM de.unibonn.realkd.algorithms.branchbound.BestFirstBranchAndBound updateResults
INFO: Best solution updated: ExceptionalPattern(Subgroup([Natoms<=80.0000, a_c<=3.87282, beta<90.3739, beta<=92.8784, beta<=98.8262, c>=4.05411], Sample(mean=0.07282, std=0.13935, med=0.03832, amd=0.06204), Sample(mean=0.09865, std=0.17192, med=0.04964, amd=0.07765)), [support: 373.0,frequency: 0.746,norm. neg. mean shift: 0.2618540260327826,avg. med. dev. gain: 0.20098229339383383]); value 0.19534310342045583
Mar 02, 2020 9:07:22 AM de.unibonn.realkd.algorithms.branchbound.BestFirstBranchAndBound updateResults
INFO: Best solution updated: ExceptionalPattern(Subgroup([Natoms<=80.0000, a_c<=3.87282, b>=5.59494, beta<90.3739, beta<=92.8784, beta<=98.8262, c>=4.05411], Sample(mean=0.06456, std=0.12553, med=0.03587, amd=0.05222), Sample(mean=0.09865, std=0.17192, med=0.04964, amd=0.07765)), [support: 319.0,frequency: 0.638,norm. neg. mean shift: 0.3455550157088484,avg. med. dev. gain: 0.32744704757054516]); value 0.22046410002224529
Mar 02, 2020 9:07:24 AM de.unibonn.realkd.algorithms.branchbound.BestFirstBranchAndBound updateResults
INFO: Best solution updated: ExceptionalPattern(Subgroup([Natoms<=80.0000, a_c<=3.87282, b>=5.59494, beta<90.3739, beta<=92.8784, beta<=98.8262], Sample(mean=0.06450, std=0.12479, med=0.03718, amd=0.05184), Sample(mean=0.09865, std=0.17192, med=0.04964, amd=0.07765)), [support: 323.0,frequency: 0.646,norm. neg. mean shift: 0.3461696545133762,avg. med. dev. gain: 0.332358917958007]); value 0.22362559681564104
Mar 02, 2020 9:07:24 AM de.unibonn.realkd.algorithms.branchbound.BestFirstBranchAndBound logStats
INFO: 690/10006(0.06895862482510494) nodes discarded/created (3/4 best solution depth/max depth)
kth-best found - potential left: 0.22362559681564104 - 0.3450658198078536 (0.6480664962416871)  
ExceptionalPattern(Subgroup([Natoms<=80.0000, alpha>=60.9679, beta>=88.9526, ecn_bond_dist_In_O>=0.892349, ecn_bond_dist_O_In>=0.395660], Sample(mean=0.07944, std=0.13805, med=0.04660, amd=0.06603), Sample(mean=0.09865, std=0.17192, med=0.04964, amd=0.07765)), [support: 359.0,frequency: 0.718,norm. neg. mean shift: 0.19474170472126195,avg. med. dev. gain: 0.14965399615239805])
Size of boundary queue: 2550
Mar 02, 2020 9:07:24 AM de.unibonn.realkd.algorithms.branchbound.BestFirstBranchAndBound updateResults
INFO: Best solution updated: ExceptionalPattern(Subgroup([Natoms<=80.0000, a_c<=3.87282, b>=5.59494, beta<90.3739, beta<=92.8784, beta<=98.8262, ecn_bond_dist_Al_O<=2.06789], Sample(mean=0.05660, std=0.07133, med=0.03461, amd=0.04295), Sample(mean=0.09865, std=0.17192, med=0.04964, amd=0.07765)), [support: 281.0,frequency: 0.562,norm. neg. mean shift: 0.42620720064077744,avg. med. dev. gain: 0.4469128624675899]); value 0.23952844676011695
Mar 02, 2020 9:07:26 AM de.unibonn.realkd.algorithms.branchbound.BestFirstBranchAndBound logStats
INFO: 1590/20011(0.07945629903553046) nodes discarded/created (4/4 best solution depth/max depth)
kth-best found - potential left: 0.23952844676011695 - 0.32029094262375896 (0.7478464573426526)  
ExceptionalPattern(Subgroup([Natoms<=80.0000, ecn_bond_dist_Al_Ga>=0.715616, ecn_bond_dist_Al_O>=0.887832, ecn_bond_dist_Ga_O>=0.876602, gamma<=97.4501, percent_atom_in<=0.640625, vol_per_atom<=12.7374], Sample(mean=0.09264, std=0.17977, med=0.04349, amd=0.08982), Sample(mean=0.09865, std=0.17192, med=0.04964, amd=0.07765)), [support: 319.0,frequency: 0.638,norm. neg. mean shift: 0.06094351830252376,avg. med. dev. gain: 0.0])
Size of boundary queue: 3333
Mar 02, 2020 9:07:29 AM de.unibonn.realkd.algorithms.branchbound.BestFirstBranchAndBound logStats
INFO: 2225/30004(0.07415677909612052) nodes discarded/created (4/4 best solution depth/max depth)
kth-best found - potential left: 0.23952844676011695 - 0.3025354216916666 (0.7917368664494298)  
ExceptionalPattern(Subgroup([Natoms<=80.0000, b>=5.59494, ecn_bond_dist_Al_O>=0.887832, ecn_bond_dist_O_Al>=0.374390, ecn_bond_dist_O_Al>=0.926994, percent_atom_al>=0.109375], Sample(mean=0.09266, std=0.17768, med=0.04488, amd=0.08747), Sample(mean=0.09865, std=0.17192, med=0.04964, amd=0.07765)), [support: 309.0,frequency: 0.618,norm. neg. mean shift: 0.06072605166197871,avg. med. dev. gain: 0.0])
Size of boundary queue: 3413
Mar 02, 2020 9:07:30 AM de.unibonn.realkd.algorithms.branchbound.BestFirstBranchAndBound updateResults
INFO: Best solution updated: ExceptionalPattern(Subgroup([Natoms<=80.0000, Natoms>=50.0000, a_c<=3.87282, alpha>=60.9679, b>=5.59494, beta<90.3739, beta<=92.8784, beta<=98.8262, beta>=88.9526, c>=4.05411, ecn_bond_dist_Al_O<=2.06789, gamma>=88.6724, gamma>=89.5751], Sample(mean=0.04345, std=0.04119, med=0.03162, amd=0.03040), Sample(mean=0.09865, std=0.17192, med=0.04964, amd=0.07765)), [support: 219.0,frequency: 0.438,norm. neg. mean shift: 0.5595647992280052,avg. med. dev. gain: 0.6085099003639044]); value 0.24508938206186626
Mar 02, 2020 9:07:31 AM de.unibonn.realkd.algorithms.branchbound.BestFirstBranchAndBound logStats
INFO: 2959/40021(0.07393618350366057) nodes discarded/created (3/4 best solution depth/max depth)
kth-best found - potential left: 0.24508938206186626 - 0.2884750976115983 (0.8496032555012898)  
ExceptionalPattern(Subgroup([Natoms<=80.0000, alpha<=119.998, beta>=88.9526, gamma>=88.6724, gamma>=89.5751, percent_atom_in<=0.640625, vol_per_atom<=12.7374], Sample(mean=0.10923, std=0.19978, med=0.04489, amd=0.11094), Sample(mean=0.09865, std=0.17192, med=0.04964, amd=0.07765)), [support: 300.0,frequency: 0.6,norm. neg. mean shift: 0.0,avg. med. dev. gain: 0.0])
Size of boundary queue: 3190
Mar 02, 2020 9:07:33 AM de.unibonn.realkd.algorithms.branchbound.BestFirstBranchAndBound logStats
INFO: 3815/50006(0.07629084509858818) nodes discarded/created (3/4 best solution depth/max depth)
kth-best found - potential left: 0.24508938206186626 - 0.27642565581485345 (0.8866376072777562)  
ExceptionalPattern(Subgroup([Natoms<=80.0000, Natoms>=50.0000, alpha>=60.9679, b>=5.59494, beta>=88.9526, c>=4.05411, gamma<=90.9360, gamma<=97.4501, gamma>=88.6724, gamma>=89.5751, percent_atom_al<=0.677083], Sample(mean=0.07250, std=0.15048, med=0.03518, amd=0.06365), Sample(mean=0.09865, std=0.17192, med=0.04964, amd=0.07765)), [support: 259.0,frequency: 0.518,norm. neg. mean shift: 0.26506343292741447,avg. med. dev. gain: 0.18025981747522288])
Size of boundary queue: 2796
Mar 02, 2020 9:07:35 AM de.unibonn.realkd.algorithms.branchbound.BestFirstBranchAndBound logStats
INFO: 4714/60003(0.07856273852974018) nodes discarded/created (3/4 best solution depth/max depth)
kth-best found - potential left: 0.24508938206186626 - 0.26521615530486076 (0.9241118127971535)  
ExceptionalPattern(Subgroup([Natoms<=80.0000, beta>=88.9526, ecn_bond_dist_Ga_In>=0.687522, ecn_bond_dist_Ga_O>=0.876602, ecn_bond_dist_In_Ga>=0.757365, ecn_bond_dist_In_O>=0.892349, id<=481.000], Sample(mean=0.07794, std=0.15874, med=0.03821, amd=0.07004), Sample(mean=0.09865, std=0.17192, med=0.04964, amd=0.07765)), [support: 257.0,frequency: 0.514,norm. neg. mean shift: 0.20993118981296557,avg. med. dev. gain: 0.09792965233104876])
Size of boundary queue: 2237
Mar 02, 2020 9:07:37 AM de.unibonn.realkd.algorithms.branchbound.BestFirstBranchAndBound logStats
INFO: 5472/70012(0.07815803005199108) nodes discarded/created (3/4 best solution depth/max depth)
kth-best found - potential left: 0.24508938206186626 - 0.25541264879398284 (0.9595820066826707)  
ExceptionalPattern(Subgroup([Natoms<=80.0000, alpha>=60.9679, beta>=88.9526, ecn_bond_dist_In_O>=0.892349, ecn_bond_dist_O_Ga<=1.72934, ecn_bond_dist_O_In>=0.395660, percent_atom_in>=0.0729167], Sample(mean=0.07334, std=0.13716, med=0.04524, amd=0.05852), Sample(mean=0.09865, std=0.17192, med=0.04964, amd=0.07765)), [support: 261.0,frequency: 0.522,norm. neg. mean shift: 0.25656607817390664,avg. med. dev. gain: 0.24633260899303305])
Size of boundary queue: 1496
Mar 02, 2020 9:07:39 AM de.unibonn.realkd.algorithms.branchbound.BestFirstBranchAndBound logStats
INFO: 6092/80028(0.0761233568251112) nodes discarded/created (3/4 best solution depth/max depth)
kth-best found - potential left: 0.24508938206186626 - 0.2457177835837515 (0.9974425883518885)  
ExceptionalPattern(Subgroup([Natoms<=80.0000, ecn_bond_dist_Al_In>=0.397169, ecn_bond_dist_Al_O>=0.887832, ecn_bond_dist_In_Al>=0.897042, ecn_bond_dist_In_O>=0.892349, ecn_bond_dist_O_Al>=0.374390, percent_atom_al>=0.109375, vol_per_atom>=9.93938], Sample(mean=0.08198, std=0.15917, med=0.04628, amd=0.07039), Sample(mean=0.09865, std=0.17192, med=0.04964, amd=0.07765)), [support: 255.0,frequency: 0.51,norm. neg. mean shift: 0.16894628573937157,avg. med. dev. gain: 0.09347432528924245])
Size of boundary queue: 598
Mar 02, 2020 9:07:39 AM de.unibonn.realkd.algorithms.branchbound.BestFirstBranchAndBound logStats
INFO: 6159/80724(0.07629701204102869) nodes discarded/created (3/4 best solution depth/max depth)
kth-best found - potential left: 0.24508938206186626 - 0.245082941344361 (1.0000262797462358)  
ExceptionalPattern(Subgroup([Natoms<=80.0000, beta<90.3739, beta<=92.8784, beta<=98.8262, ecn_bond_dist_Al_In>=0.397169, ecn_bond_dist_Al_O>=0.887832, ecn_bond_dist_In_O>=0.892349, ecn_bond_dist_O_In>=0.395660, percent_atom_in>=0.0729167], Sample(mean=0.07382, std=0.14083, med=0.04488, amd=0.06023), Sample(mean=0.09865, std=0.17192, med=0.04964, amd=0.07765)), [support: 247.0,frequency: 0.494,norm. neg. mean shift: 0.2516889513585079,avg. med. dev. gain: 0.22427823756538928])
Size of boundary queue: 537
Mar 02, 2020 9:07:39 AM de.unibonn.realkd.algorithms.emm.ExceptionalSubgroupBestFirstBranchAndBound concreteCall
INFO: Start post-processing
Mar 02, 2020 9:07:39 AM de.unibonn.realkd.algorithms.emm.ExceptionalSubgroupBestFirstBranchAndBound concreteCall
INFO: Done post-processing
