Mar 02, 2020 8:41:59 AM de.unibonn.realkd.common.parameter.DefaultSubCollectionParameter$JsonStringToCollectionParser findByString
WARNING: Could not find element 'soap_predE' in collection.
Mar 02, 2020 8:41:59 AM de.unibonn.realkd.common.parameter.DefaultSubCollectionParameter$JsonStringToCollectionParser findByString
WARNING: Could not find element 'mbtr_predE' in collection.
Mar 02, 2020 8:41:59 AM de.unibonn.realkd.common.parameter.DefaultSubCollectionParameter$JsonStringToCollectionParser findByString
WARNING: Could not find element 'norm_abs_error' in collection.
Mar 02, 2020 8:41:59 AM de.unibonn.realkd.common.parameter.DefaultSubCollectionParameter$JsonStringToCollectionParser findByString
WARNING: Could not find element 'norm_error' in collection.
Mar 02, 2020 8:41:59 AM de.unibonn.realkd.common.parameter.DefaultSubCollectionParameter$JsonStringToCollectionParser findByString
WARNING: Could not find element 'abs_sq_error' in collection.
Mar 02, 2020 8:41:59 AM de.unibonn.realkd.common.parameter.DefaultSubCollectionParameter$JsonStringToCollectionParser findByString
WARNING: Could not find element 'norm_abs_error_bystd' in collection.
Mar 02, 2020 8:41:59 AM de.unibonn.realkd.common.parameter.DefaultSubCollectionParameter$JsonStringToCollectionParser findByString
WARNING: Could not find element 'norm_sq_error_bystd' in collection.
Mar 02, 2020 8:41:59 AM de.unibonn.realkd.common.parameter.ParameterContainer lambda$pass$4
WARNING: Parameter value of num_results could not be passed to container.
Mar 02, 2020 8:41:59 AM de.unibonn.realkd.run.LegacyComputationSpecification build
INFO: accepted parameter values:
table=WPO 1.0.0
targets=[norm_abs_error]
modeling=Empirical distribution
dev_measure=norm. neg. mean shift
cov_func=coverage
controls=Optional.empty
cov_weight=1.0
ctr_weight=1.0
props=Statements about WPO 1.0.0
descr_lang=Closed conjunctions
attr_filter=[Ef, ngram_predE, abs_error, sum_pred_Ef_and_abs_error, sum_Ef_and_normalized_error, error, sq_error]
num_res=1
oest=coverage and negative mean shift
apx_fac=1.0
max_depth=Optional[4]
Mar 02, 2020 8:41:59 AM de.unibonn.realkd.algorithms.branchbound.BestFirstBranchAndBound updateResults
INFO: Best solution updated: ExceptionalPattern(Subgroup([Natoms<=80.0000, beta>=88.9526, gamma>=88.6772, gamma>=89.5751, id<125.000, id<248.000, id<=371.000, id<=486.500], Sample(mean=0.09910, std=0.17895, med=0.05477, amd=0.08724), Sample(mean=0.10294, std=0.18592, med=0.05197, amd=0.08138)), [support: 104.0,frequency: 0.208,norm. neg. mean shift: 0.037250870091259554,avg. med. dev. gain: 0.0]); value 0.007748180978981987
Mar 02, 2020 8:41:59 AM de.unibonn.realkd.algorithms.branchbound.BestFirstBranchAndBound updateResults
INFO: Best solution updated: ExceptionalPattern(Subgroup([Natoms<=80.0000, id<248.000, id<=371.000, id<=486.500], Sample(mean=0.09111, std=0.16789, med=0.04727, amd=0.08426), Sample(mean=0.10294, std=0.18592, med=0.05197, amd=0.08138)), [support: 208.0,frequency: 0.416,norm. neg. mean shift: 0.11489567354944061,avg. med. dev. gain: 0.0]); value 0.04779660019656729
Mar 02, 2020 8:41:59 AM de.unibonn.realkd.algorithms.branchbound.BestFirstBranchAndBound updateResults
INFO: Best solution updated: ExceptionalPattern(Subgroup([Natoms<=80.0000, id<=371.000, id<=486.500], Sample(mean=0.09341, std=0.15263, med=0.04897, amd=0.08392), Sample(mean=0.10294, std=0.18592, med=0.05197, amd=0.08138)), [support: 308.0,frequency: 0.616,norm. neg. mean shift: 0.09251481837064308,avg. med. dev. gain: 0.0]); value 0.05698912811631614
Mar 02, 2020 8:41:59 AM de.unibonn.realkd.algorithms.branchbound.BestFirstBranchAndBound updateResults
INFO: Best solution updated: ExceptionalPattern(Subgroup([Natoms<=80.0000, Natoms>=50.0000, alpha>=60.9514, b>=5.59494, beta>=88.9526, c>=4.05411, gamma>=88.6772, gamma>=89.5751], Sample(mean=0.08541, std=0.18064, med=0.03981, amd=0.08215), Sample(mean=0.10294, std=0.18592, med=0.05197, amd=0.08138)), [support: 317.0,frequency: 0.634,norm. neg. mean shift: 0.1702532993038885,avg. med. dev. gain: 0.0]); value 0.10794059175866531
Mar 02, 2020 8:41:59 AM de.unibonn.realkd.algorithms.branchbound.BestFirstBranchAndBound updateResults
INFO: Best solution updated: ExceptionalPattern(Subgroup([Natoms<=80.0000, ecn_bond_dist_In_O>=0.884845, ecn_bond_dist_O_In>=0.399028, percent_atom_in>=0.0729167], Sample(mean=0.08649, std=0.13438, med=0.04886, amd=0.07266), Sample(mean=0.10294, std=0.18592, med=0.05197, amd=0.08138)), [support: 371.0,frequency: 0.742,norm. neg. mean shift: 0.15981398394385182,avg. med. dev. gain: 0.10709095948375719]); value 0.11858197608633805
Mar 02, 2020 8:41:59 AM de.unibonn.realkd.algorithms.branchbound.BestFirstBranchAndBound updateResults
INFO: Best solution updated: ExceptionalPattern(Subgroup([Natoms<=80.0000, b>=5.59494], Sample(mean=0.08878, std=0.16238, med=0.04373, amd=0.08053), Sample(mean=0.10294, std=0.18592, med=0.05197, amd=0.08138)), [support: 437.0,frequency: 0.874,norm. neg. mean shift: 0.1375421030038814,avg. med. dev. gain: 0.010430740692635485]); value 0.12021179802539234
Mar 02, 2020 8:41:59 AM de.unibonn.realkd.algorithms.branchbound.BestFirstBranchAndBound updateResults
INFO: Best solution updated: ExceptionalPattern(Subgroup([Natoms<=80.0000, ecn_bond_dist_Al_In>=0.397169, ecn_bond_dist_Al_O>=0.887832, ecn_bond_dist_In_O>=0.884845], Sample(mean=0.07534, std=0.12592, med=0.04304, amd=0.06192), Sample(mean=0.10294, std=0.18592, med=0.05197, amd=0.08138)), [support: 318.0,frequency: 0.636,norm. neg. mean shift: 0.26809529684150707,avg. med. dev. gain: 0.23916331130649623]); value 0.1705086087911985
Mar 02, 2020 8:41:59 AM de.unibonn.realkd.algorithms.branchbound.BestFirstBranchAndBound updateResults
INFO: Best solution updated: ExceptionalPattern(Subgroup([Natoms<=80.0000, alpha>=60.9514, beta>=88.9526, ecn_bond_dist_Al_In>=0.397169, ecn_bond_dist_Al_O>=0.887832, ecn_bond_dist_In_O>=0.884845], Sample(mean=0.07266, std=0.12663, med=0.04292, amd=0.05972), Sample(mean=0.10294, std=0.18592, med=0.05197, amd=0.08138)), [support: 300.0,frequency: 0.6,norm. neg. mean shift: 0.2941740229949407,avg. med. dev. gain: 0.26608362762626203]); value 0.17650441379696444
Mar 02, 2020 8:41:59 AM de.unibonn.realkd.algorithms.branchbound.BestFirstBranchAndBound updateResults
INFO: Best solution updated: ExceptionalPattern(Subgroup([Natoms<=80.0000, ecn_bond_dist_Ga_O<=2.07250, ecn_bond_dist_In_O>=0.884845], Sample(mean=0.07223, std=0.12146, med=0.04301, amd=0.05946), Sample(mean=0.10294, std=0.18592, med=0.05197, amd=0.08138)), [support: 344.0,frequency: 0.688,norm. neg. mean shift: 0.29827024759196946,avg. med. dev. gain: 0.26935200517894986]); value 0.20520993034327498
Mar 02, 2020 8:42:00 AM de.unibonn.realkd.algorithms.branchbound.BestFirstBranchAndBound updateResults
INFO: Best solution updated: ExceptionalPattern(Subgroup([Natoms<=80.0000, alpha>=60.9514, beta>=88.9526, ecn_bond_dist_Ga_O<=2.07250, ecn_bond_dist_In_O>=0.884845], Sample(mean=0.06874, std=0.12131, med=0.04200, amd=0.05638), Sample(mean=0.10294, std=0.18592, med=0.05197, amd=0.08138)), [support: 324.0,frequency: 0.648,norm. neg. mean shift: 0.33222453753896186,avg. med. dev. gain: 0.3071391754706962]); value 0.2152815003252473
Mar 02, 2020 8:42:00 AM de.unibonn.realkd.algorithms.branchbound.BestFirstBranchAndBound updateResults
INFO: Best solution updated: ExceptionalPattern(Subgroup([Natoms<=80.0000, ecn_bond_dist_Al_O<=2.06224, ecn_bond_dist_Ga_O<=2.07250, ecn_bond_dist_In_O>=0.884845], Sample(mean=0.06247, std=0.06782, med=0.04143, amd=0.04808), Sample(mean=0.10294, std=0.18592, med=0.05197, amd=0.08138)), [support: 316.0,frequency: 0.632,norm. neg. mean shift: 0.3931219734469006,avg. med. dev. gain: 0.40912223984098345]); value 0.24845308721844117
Mar 02, 2020 8:42:00 AM de.unibonn.realkd.algorithms.branchbound.BestFirstBranchAndBound updateResults
INFO: Best solution updated: ExceptionalPattern(Subgroup([Natoms<=80.0000, alpha>=60.9514, beta>=88.9526, ecn_bond_dist_Al_O<=2.06224, ecn_bond_dist_Ga_O<=2.07250, ecn_bond_dist_In_O>=0.884845], Sample(mean=0.05798, std=0.06153, med=0.03906, amd=0.04371), Sample(mean=0.10294, std=0.18592, med=0.05197, amd=0.08138)), [support: 296.0,frequency: 0.592,norm. neg. mean shift: 0.43669705608177933,avg. med. dev. gain: 0.46285795521037054]); value 0.25852465720041334
Mar 02, 2020 8:42:02 AM de.unibonn.realkd.algorithms.branchbound.BestFirstBranchAndBound logStats
INFO: 1454/10018(0.1451387502495508) nodes discarded/created (4/4 best solution depth/max depth)
kth-best found - potential left: 0.25852465720041334 - 0.34767166300270297 (0.7435885196039214)  
ExceptionalPattern(Subgroup([Natoms<=80.0000, a_c<=3.88836, alpha>=60.9514, b>=5.59494, beta>=88.9526], Sample(mean=0.07812, std=0.13865, med=0.03981, amd=0.06980), Sample(mean=0.10294, std=0.18592, med=0.05197, amd=0.08138)), [support: 333.0,frequency: 0.666,norm. neg. mean shift: 0.24108075407336635,avg. med. dev. gain: 0.14227018850099105])
Size of boundary queue: 2037
Mar 02, 2020 8:42:03 AM de.unibonn.realkd.algorithms.branchbound.BestFirstBranchAndBound updateResults
INFO: Best solution updated: ExceptionalPattern(Subgroup([Natoms<=80.0000, b>=5.59494, beta<90.3739, beta<=93.0589, beta<=98.8262, ecn_bond_dist_Al_O<=2.06224, ecn_bond_dist_Ga_O<=2.07250], Sample(mean=0.05536, std=0.07085, med=0.03337, amd=0.04421), Sample(mean=0.10294, std=0.18592, med=0.05197, amd=0.08138)), [support: 282.0,frequency: 0.564,norm. neg. mean shift: 0.46216502769550416,avg. med. dev. gain: 0.4566820458363078]); value 0.2606610756202643
Mar 02, 2020 8:42:05 AM de.unibonn.realkd.algorithms.branchbound.BestFirstBranchAndBound logStats
INFO: 2624/20034(0.13097733852450832) nodes discarded/created (4/4 best solution depth/max depth)
kth-best found - potential left: 0.2606610756202643 - 0.323289676831666 (0.8062771387407714)  
ExceptionalPattern(Subgroup([Natoms<=80.0000, a_c<=3.88836, ecn_bond_dist_Al_O>=0.887832, ecn_bond_dist_In_O<=2.07270], Sample(mean=0.09432, std=0.17996, med=0.04727, amd=0.08709), Sample(mean=0.10294, std=0.18592, med=0.05197, amd=0.08138)), [support: 333.0,frequency: 0.666,norm. neg. mean shift: 0.08374033730058308,avg. med. dev. gain: 0.0])
Size of boundary queue: 2489
Mar 02, 2020 8:42:07 AM de.unibonn.realkd.algorithms.branchbound.BestFirstBranchAndBound logStats
INFO: 3700/30002(0.12332511165922272) nodes discarded/created (4/4 best solution depth/max depth)
kth-best found - potential left: 0.2606610756202643 - 0.3072211135732051 (0.8484477924989801)  
ExceptionalPattern(Subgroup([Natoms<=80.0000, ecn_bond_dist_In_O>=0.884845, gamma<=97.7834, percent_atom_al<=0.677083], Sample(mean=0.08617, std=0.14063, med=0.04763, amd=0.07368), Sample(mean=0.10294, std=0.18592, med=0.05197, amd=0.08138)), [support: 322.0,frequency: 0.644,norm. neg. mean shift: 0.16288319755117747,avg. med. dev. gain: 0.09460421969443392])
Size of boundary queue: 2558
Mar 02, 2020 8:42:09 AM de.unibonn.realkd.algorithms.branchbound.BestFirstBranchAndBound logStats
INFO: 4570/40002(0.11424428778561072) nodes discarded/created (4/4 best solution depth/max depth)
kth-best found - potential left: 0.2606610756202643 - 0.2943046853177013 (0.8856844237422901)  
ExceptionalPattern(Subgroup([Natoms<=80.0000, ecn_bond_dist_Al_Ga>=0.508287, ecn_bond_dist_Al_O<=2.06224, ecn_bond_dist_Al_O>=0.887832, ecn_bond_dist_Ga_O>=0.876602, ecn_bond_dist_O_Ga>=0.365728, percent_atom_ga>=0.0885417], Sample(mean=0.08771, std=0.14896, med=0.04763, amd=0.07695), Sample(mean=0.10294, std=0.18592, med=0.05197, amd=0.08138)), [support: 304.0,frequency: 0.608,norm. neg. mean shift: 0.14789127290803927,avg. med. dev. gain: 0.054454795442594205])
Size of boundary queue: 2240
Mar 02, 2020 8:42:11 AM de.unibonn.realkd.algorithms.branchbound.BestFirstBranchAndBound logStats
INFO: 5727/50008(0.11452167653175492) nodes discarded/created (4/4 best solution depth/max depth)
kth-best found - potential left: 0.2606610756202643 - 0.2829847000247617 (0.9211136700940226)  
ExceptionalPattern(Subgroup([Natoms<=80.0000, c>=4.05411, ecn_bond_dist_Al_Ga>=0.508287, ecn_bond_dist_Al_O>=0.887832, ecn_bond_dist_Ga_O>=0.876602, id<=486.500], Sample(mean=0.09376, std=0.18549, med=0.04471, amd=0.08820), Sample(mean=0.10294, std=0.18592, med=0.05197, amd=0.08138)), [support: 285.0,frequency: 0.57,norm. neg. mean shift: 0.0891699720187338,avg. med. dev. gain: 0.0])
Size of boundary queue: 1781
Mar 02, 2020 8:42:13 AM de.unibonn.realkd.algorithms.branchbound.BestFirstBranchAndBound logStats
INFO: 6790/60020(0.11312895701432855) nodes discarded/created (4/4 best solution depth/max depth)
kth-best found - potential left: 0.2606610756202643 - 0.27289873033874645 (0.9551567913002319)  
ExceptionalPattern(Subgroup([Natoms<=80.0000, id<=486.500, percent_atom_al<=0.677083, vol_per_atom<=12.6952], Sample(mean=0.08612, std=0.16224, med=0.04844, amd=0.07405), Sample(mean=0.10294, std=0.18592, med=0.05197, amd=0.08138)), [support: 284.0,frequency: 0.568,norm. neg. mean shift: 0.16335145067075257,avg. med. dev. gain: 0.09004763295782521])
Size of boundary queue: 1227
Mar 02, 2020 8:42:15 AM de.unibonn.realkd.algorithms.branchbound.BestFirstBranchAndBound logStats
INFO: 7598/70006(0.10853355426677713) nodes discarded/created (4/4 best solution depth/max depth)
kth-best found - potential left: 0.2606610756202643 - 0.26382885254465677 (0.987993061055154)  
ExceptionalPattern(Subgroup([Natoms<=80.0000, alpha>=60.9514, beta>=88.9526, gamma<=90.9230, gamma<=97.7834, id<=371.000, id<=486.500], Sample(mean=0.08977, std=0.15509, med=0.04761, amd=0.08093), Sample(mean=0.10294, std=0.18592, med=0.05197, amd=0.08138)), [support: 271.0,frequency: 0.542,norm. neg. mean shift: 0.12787136769169283,avg. med. dev. gain: 0.005543401666366253])
Size of boundary queue: 432
Mar 02, 2020 8:42:16 AM de.unibonn.realkd.algorithms.branchbound.BestFirstBranchAndBound logStats
INFO: 7926/73947(0.10718487565418476) nodes discarded/created (4/4 best solution depth/max depth)
kth-best found - potential left: 0.2606610756202643 - 0.26065728519698034 (1.0000145417891586)  
ExceptionalPattern(Subgroup([Natoms<=80.0000, ecn_bond_dist_In_Al<=3.18908, gamma<=90.9230, gamma<=97.7834, percent_atom_ga<=0.609375], Sample(mean=0.11031, std=0.17231, med=0.05707, amd=0.09837), Sample(mean=0.10294, std=0.18592, med=0.05197, amd=0.08138)), [support: 304.0,frequency: 0.608,norm. neg. mean shift: 0.0,avg. med. dev. gain: 0.0])
Size of boundary queue: 117
Mar 02, 2020 8:42:16 AM de.unibonn.realkd.algorithms.emm.ExceptionalSubgroupBestFirstBranchAndBound concreteCall
INFO: Start post-processing
Mar 02, 2020 8:42:16 AM de.unibonn.realkd.algorithms.emm.ExceptionalSubgroupBestFirstBranchAndBound concreteCall
INFO: Done post-processing
