Mar 02, 2020 8:42:04 AM de.unibonn.realkd.common.parameter.DefaultSubCollectionParameter$JsonStringToCollectionParser findByString
WARNING: Could not find element 'soap_predE' in collection.
Mar 02, 2020 8:42:04 AM de.unibonn.realkd.common.parameter.DefaultSubCollectionParameter$JsonStringToCollectionParser findByString
WARNING: Could not find element 'mbtr_predE' in collection.
Mar 02, 2020 8:42:04 AM de.unibonn.realkd.common.parameter.DefaultSubCollectionParameter$JsonStringToCollectionParser findByString
WARNING: Could not find element 'norm_abs_error' in collection.
Mar 02, 2020 8:42:04 AM de.unibonn.realkd.common.parameter.DefaultSubCollectionParameter$JsonStringToCollectionParser findByString
WARNING: Could not find element 'norm_error' in collection.
Mar 02, 2020 8:42:04 AM de.unibonn.realkd.common.parameter.DefaultSubCollectionParameter$JsonStringToCollectionParser findByString
WARNING: Could not find element 'abs_sq_error' in collection.
Mar 02, 2020 8:42:04 AM de.unibonn.realkd.common.parameter.DefaultSubCollectionParameter$JsonStringToCollectionParser findByString
WARNING: Could not find element 'norm_abs_error_bystd' in collection.
Mar 02, 2020 8:42:04 AM de.unibonn.realkd.common.parameter.DefaultSubCollectionParameter$JsonStringToCollectionParser findByString
WARNING: Could not find element 'norm_sq_error_bystd' in collection.
Mar 02, 2020 8:42:04 AM de.unibonn.realkd.common.parameter.ParameterContainer lambda$pass$4
WARNING: Parameter value of num_results could not be passed to container.
Mar 02, 2020 8:42:04 AM de.unibonn.realkd.run.LegacyComputationSpecification build
INFO: accepted parameter values:
table=WPO 1.0.0
targets=[norm_abs_error]
modeling=Empirical distribution
dev_measure=norm. neg. mean shift
cov_func=coverage
controls=Optional.empty
cov_weight=1.0
ctr_weight=1.0
props=Statements about WPO 1.0.0
descr_lang=Closed conjunctions
attr_filter=[Ef, ngram_predE, abs_error, sum_pred_Ef_and_abs_error, sum_Ef_and_normalized_error, error, sq_error]
num_res=1
oest=coverage and negative mean shift
apx_fac=1.0
max_depth=Optional[4]
Mar 02, 2020 8:42:04 AM de.unibonn.realkd.algorithms.branchbound.BestFirstBranchAndBound updateResults
INFO: Best solution updated: ExceptionalPattern(Subgroup([Natoms<=80.0000, beta>=88.9526, gamma>=88.6772, gamma>=89.5751, id<117.000, id<234.500, id<=352.500, id<=476.000], Sample(mean=0.08195, std=0.08833, med=0.04844, amd=0.06647), Sample(mean=0.09931, std=0.16049, med=0.05368, amd=0.07637)), [support: 93.0,frequency: 0.186,norm. neg. mean shift: 0.17477551899933766,avg. med. dev. gain: 0.12973756745849888]); value 0.0325082465338768
Mar 02, 2020 8:42:04 AM de.unibonn.realkd.algorithms.branchbound.BestFirstBranchAndBound updateResults
INFO: Best solution updated: ExceptionalPattern(Subgroup([Natoms<=80.0000, id<234.500, id<=352.500, id<=476.000], Sample(mean=0.08239, std=0.09503, med=0.04844, amd=0.06923), Sample(mean=0.09931, std=0.16049, med=0.05368, amd=0.07637)), [support: 192.0,frequency: 0.384,norm. neg. mean shift: 0.17036634244850699,avg. med. dev. gain: 0.09349094802149796]); value 0.06542067550022668
Mar 02, 2020 8:42:04 AM de.unibonn.realkd.algorithms.branchbound.BestFirstBranchAndBound updateResults
INFO: Best solution updated: ExceptionalPattern(Subgroup([Natoms<=80.0000, Natoms>=50.0000, alpha>=60.9679, b>=5.59494, beta>=88.9526, c>=4.05411, gamma>=88.6772, gamma>=89.5751], Sample(mean=0.07860, std=0.13797, med=0.04200, amd=0.06939), Sample(mean=0.09931, std=0.16049, med=0.05368, amd=0.07637)), [support: 303.0,frequency: 0.606,norm. neg. mean shift: 0.20852276779096193,avg. med. dev. gain: 0.09144974492527289]); value 0.12636479728132294
Mar 02, 2020 8:42:04 AM de.unibonn.realkd.algorithms.branchbound.BestFirstBranchAndBound updateResults
INFO: Best solution updated: ExceptionalPattern(Subgroup([Natoms<=80.0000, b>=5.59494], Sample(mean=0.08390, std=0.12709, med=0.04771, amd=0.07114), Sample(mean=0.09931, std=0.16049, med=0.05368, amd=0.07637)), [support: 434.0,frequency: 0.868,norm. neg. mean shift: 0.1551023001588537,avg. med. dev. gain: 0.06851317820012733]); value 0.134628796537885
Mar 02, 2020 8:42:04 AM de.unibonn.realkd.algorithms.branchbound.BestFirstBranchAndBound updateResults
INFO: Best solution updated: ExceptionalPattern(Subgroup([Natoms<=80.0000, ecn_bond_dist_Al_In>=0.397169, ecn_bond_dist_Al_O>=0.889521, ecn_bond_dist_In_O>=0.884845], Sample(mean=0.07558, std=0.12545, med=0.04341, amd=0.06152), Sample(mean=0.09931, std=0.16049, med=0.05368, amd=0.07637)), [support: 316.0,frequency: 0.632,norm. neg. mean shift: 0.23896786604902912,avg. med. dev. gain: 0.19455201559213559]); value 0.1510276913429864
Mar 02, 2020 8:42:04 AM de.unibonn.realkd.algorithms.branchbound.BestFirstBranchAndBound updateResults
INFO: Best solution updated: ExceptionalPattern(Subgroup([Natoms<=80.0000, alpha>=60.9679, beta>=88.9526, ecn_bond_dist_Al_In>=0.397169, ecn_bond_dist_Al_O>=0.889521, ecn_bond_dist_In_O>=0.884845], Sample(mean=0.07179, std=0.12562, med=0.04294, amd=0.05791), Sample(mean=0.09931, std=0.16049, med=0.05368, amd=0.07637)), [support: 295.0,frequency: 0.59,norm. neg. mean shift: 0.27706336597566067,avg. med. dev. gain: 0.2417606929768665]); value 0.16346738592563978
Mar 02, 2020 8:42:04 AM de.unibonn.realkd.algorithms.branchbound.BestFirstBranchAndBound updateResults
INFO: Best solution updated: ExceptionalPattern(Subgroup([Natoms<=80.0000, ecn_bond_dist_Ga_O<=2.07330, ecn_bond_dist_In_O>=0.884845], Sample(mean=0.07401, std=0.12299, med=0.04426, amd=0.06009), Sample(mean=0.09931, std=0.16049, med=0.05368, amd=0.07637)), [support: 334.0,frequency: 0.668,norm. neg. mean shift: 0.25478653784370336,avg. med. dev. gain: 0.21321756062105723]); value 0.17019740727959387
Mar 02, 2020 8:42:04 AM de.unibonn.realkd.algorithms.branchbound.BestFirstBranchAndBound updateResults
INFO: Best solution updated: ExceptionalPattern(Subgroup([Natoms<=80.0000, b<=9.77290, b>=5.59494, beta>=88.9526], Sample(mean=0.06538, std=0.12260, med=0.03815, amd=0.05337), Sample(mean=0.09931, std=0.16049, med=0.05368, amd=0.07637)), [support: 316.0,frequency: 0.632,norm. neg. mean shift: 0.3415979443757392,avg. med. dev. gain: 0.3012184295387689]); value 0.2158899008454672
Mar 02, 2020 8:42:04 AM de.unibonn.realkd.algorithms.branchbound.BestFirstBranchAndBound updateResults
INFO: Best solution updated: ExceptionalPattern(Subgroup([Natoms<=80.0000, alpha>=60.9679, b>=5.59494, beta>=88.9526, ecn_bond_dist_Al_O>=0.889521], Sample(mean=0.06661, std=0.12357, med=0.03809, amd=0.05512), Sample(mean=0.09931, std=0.16049, med=0.05368, amd=0.07637)), [support: 328.0,frequency: 0.656,norm. neg. mean shift: 0.329243271861762,avg. med. dev. gain: 0.2782622408298523]); value 0.21598358634131587
Mar 02, 2020 8:42:04 AM de.unibonn.realkd.algorithms.branchbound.BestFirstBranchAndBound updateResults
INFO: Best solution updated: ExceptionalPattern(Subgroup([Natoms<=80.0000, alpha>=60.9679, b>=5.59494, beta>=88.9526, ecn_bond_dist_Al_O<=2.06789], Sample(mean=0.06548, std=0.08241, med=0.03906, amd=0.05273), Sample(mean=0.09931, std=0.16049, med=0.05368, amd=0.07637)), [support: 344.0,frequency: 0.688,norm. neg. mean shift: 0.3406248275893436,avg. med. dev. gain: 0.3095371358504676]); value 0.23434988138146837
Mar 02, 2020 8:42:05 AM de.unibonn.realkd.algorithms.branchbound.BestFirstBranchAndBound updateResults
INFO: Best solution updated: ExceptionalPattern(Subgroup([Natoms<=80.0000, alpha>=60.9679, b>=5.59494, beta>=88.9526, ecn_bond_dist_Al_O<=2.06789, ecn_bond_dist_Ga_O<=2.07330], Sample(mean=0.05579, std=0.06910, med=0.03443, amd=0.04302), Sample(mean=0.09931, std=0.16049, med=0.05368, amd=0.07637)), [support: 314.0,frequency: 0.628,norm. neg. mean shift: 0.43823363726071196,avg. med. dev. gain: 0.43669540355576464]); value 0.2752107241997271
Mar 02, 2020 8:42:07 AM de.unibonn.realkd.algorithms.branchbound.BestFirstBranchAndBound logStats
INFO: 1784/10026(0.1779373628565729) nodes discarded/created (4/4 best solution depth/max depth)
kth-best found - potential left: 0.2752107241997271 - 0.3289268852794709 (0.8366927013761609)  
ExceptionalPattern(Subgroup([Natoms<=80.0000, ecn_bond_dist_Al_O>=0.889521, ecn_bond_dist_Ga_Al>=0.721597, ecn_bond_dist_Ga_O>=0.876602], Sample(mean=0.09525, std=0.17437, med=0.04932, amd=0.08503), Sample(mean=0.09931, std=0.16049, med=0.05368, amd=0.07637)), [support: 359.0,frequency: 0.718,norm. neg. mean shift: 0.040883273575968895,avg. med. dev. gain: 0.0])
Size of boundary queue: 1736
Mar 02, 2020 8:42:09 AM de.unibonn.realkd.algorithms.branchbound.BestFirstBranchAndBound logStats
INFO: 3512/20003(0.17557366395040744) nodes discarded/created (4/4 best solution depth/max depth)
kth-best found - potential left: 0.2752107241997271 - 0.30437374247603777 (0.9041868130967093)  
ExceptionalPattern(Subgroup([Natoms<=80.0000, a_c<=3.87282, beta<=93.0589, beta<=98.8262, ecn_bond_dist_Ga_O>=0.876602, gamma<=90.9360, gamma<=97.4501], Sample(mean=0.10482, std=0.18125, med=0.05270, amd=0.09480), Sample(mean=0.09931, std=0.16049, med=0.05368, amd=0.07637)), [support: 348.0,frequency: 0.696,norm. neg. mean shift: 0.0,avg. med. dev. gain: 0.0])
Size of boundary queue: 1706
Mar 02, 2020 8:42:11 AM de.unibonn.realkd.algorithms.branchbound.BestFirstBranchAndBound logStats
INFO: 5046/30011(0.16813834927193363) nodes discarded/created (4/4 best solution depth/max depth)
kth-best found - potential left: 0.2752107241997271 - 0.2897529401765534 (0.9498116707013727)  
ExceptionalPattern(Subgroup([Natoms<=80.0000, ecn_bond_dist_Ga_O<=2.07330, ecn_bond_dist_In_O>=0.884845, ecn_bond_dist_O_In>=0.391639, percent_atom_in>=0.0729167, vol_per_atom>=9.92144], Sample(mean=0.07295, std=0.12717, med=0.04395, amd=0.05864), Sample(mean=0.09931, std=0.16049, med=0.05368, amd=0.07637)), [support: 294.0,frequency: 0.588,norm. neg. mean shift: 0.26544167028891597,avg. med. dev. gain: 0.2321789701847564])
Size of boundary queue: 1231
Mar 02, 2020 8:42:14 AM de.unibonn.realkd.algorithms.branchbound.BestFirstBranchAndBound logStats
INFO: 6229/40011(0.15568218739846543) nodes discarded/created (4/4 best solution depth/max depth)
kth-best found - potential left: 0.2752107241997271 - 0.27793801198129264 (0.9901874243032683)  
ExceptionalPattern(Subgroup([Natoms<=80.0000, b>=5.59494, ecn_bond_dist_Ga_Al<=3.15006, ecn_bond_dist_In_Al<=3.19455], Sample(mean=0.08853, std=0.10665, med=0.05163, amd=0.07480), Sample(mean=0.09931, std=0.16049, med=0.05368, amd=0.07637)), [support: 307.0,frequency: 0.614,norm. neg. mean shift: 0.1084976716266264,avg. med. dev. gain: 0.020598676253862677])
Size of boundary queue: 500
Mar 02, 2020 8:42:14 AM de.unibonn.realkd.algorithms.branchbound.BestFirstBranchAndBound logStats
INFO: 6694/42465(0.1576356999882256) nodes discarded/created (4/4 best solution depth/max depth)
kth-best found - potential left: 0.2752107241997271 - 0.27516357694347937 (1.0001713426492396)  
ExceptionalPattern(Subgroup([Natoms<=80.0000, beta>=88.9526, ecn_bond_dist_Ga_In>=0.687522, ecn_bond_dist_Ga_O>=0.876602, ecn_bond_dist_In_O>=0.884845, percent_atom_al<=0.677083], Sample(mean=0.08908, std=0.13659, med=0.05006, amd=0.07461), Sample(mean=0.09931, std=0.16049, med=0.05368, amd=0.07637)), [support: 306.0,frequency: 0.612,norm. neg. mean shift: 0.1029505465625233,avg. med. dev. gain: 0.02313796666931439])
Size of boundary queue: 307
Mar 02, 2020 8:42:14 AM de.unibonn.realkd.algorithms.emm.ExceptionalSubgroupBestFirstBranchAndBound concreteCall
INFO: Start post-processing
Mar 02, 2020 8:42:14 AM de.unibonn.realkd.algorithms.emm.ExceptionalSubgroupBestFirstBranchAndBound concreteCall
INFO: Done post-processing
