realKD 0.7.2 (c) 2014-18 by the Contributors of the realKD project
Mar 02, 2020 8:18:29 AM de.unibonn.realkd.common.KdonTypes <clinit>
INFO: Loading KdonTypes
Mar 02, 2020 8:18:30 AM de.unibonn.realkd.common.KdonTypes <clinit>
INFO: Done loading KdonTypes
Mar 02, 2020 8:18:30 AM de.unibonn.realkd.common.base.Identifier identifier
WARNING: Invalid identifier string norm_abs_error_cov_weight_1.0 had to be altered to norm_abs_error_cov_weight_1_0
Mar 02, 2020 8:18:30 AM de.unibonn.realkd.run.ProductWorkScheme <init>
WARNING: Providing data path via job file is deprecated; provide via command line or other global option
Mar 02, 2020 8:18:30 AM de.unibonn.realkd.data.xarf.XarfParsing parse
INFO: Parsing input file
Mar 02, 2020 8:18:30 AM de.unibonn.realkd.common.base.Identifier identifier
WARNING: Invalid identifier string ecn_bond_dist_Al-Ga had to be altered to ecn_bond_dist_Al_Ga
Mar 02, 2020 8:18:30 AM de.unibonn.realkd.common.base.Identifier identifier
WARNING: Invalid identifier string ecn_bond_dist_Al-In had to be altered to ecn_bond_dist_Al_In
Mar 02, 2020 8:18:30 AM de.unibonn.realkd.common.base.Identifier identifier
WARNING: Invalid identifier string ecn_bond_dist_Al-O had to be altered to ecn_bond_dist_Al_O
Mar 02, 2020 8:18:30 AM de.unibonn.realkd.common.base.Identifier identifier
WARNING: Invalid identifier string ecn_bond_dist_Ga-Al had to be altered to ecn_bond_dist_Ga_Al
Mar 02, 2020 8:18:30 AM de.unibonn.realkd.common.base.Identifier identifier
WARNING: Invalid identifier string ecn_bond_dist_Ga-In had to be altered to ecn_bond_dist_Ga_In
Mar 02, 2020 8:18:30 AM de.unibonn.realkd.common.base.Identifier identifier
WARNING: Invalid identifier string ecn_bond_dist_Ga-O had to be altered to ecn_bond_dist_Ga_O
Mar 02, 2020 8:18:30 AM de.unibonn.realkd.common.base.Identifier identifier
WARNING: Invalid identifier string ecn_bond_dist_In-Al had to be altered to ecn_bond_dist_In_Al
Mar 02, 2020 8:18:30 AM de.unibonn.realkd.common.base.Identifier identifier
WARNING: Invalid identifier string ecn_bond_dist_In-Ga had to be altered to ecn_bond_dist_In_Ga
Mar 02, 2020 8:18:30 AM de.unibonn.realkd.common.base.Identifier identifier
WARNING: Invalid identifier string ecn_bond_dist_In-O had to be altered to ecn_bond_dist_In_O
Mar 02, 2020 8:18:30 AM de.unibonn.realkd.common.base.Identifier identifier
WARNING: Invalid identifier string ecn_bond_dist_O-Al had to be altered to ecn_bond_dist_O_Al
Mar 02, 2020 8:18:30 AM de.unibonn.realkd.common.base.Identifier identifier
WARNING: Invalid identifier string ecn_bond_dist_O-Ga had to be altered to ecn_bond_dist_O_Ga
Mar 02, 2020 8:18:30 AM de.unibonn.realkd.common.base.Identifier identifier
WARNING: Invalid identifier string ecn_bond_dist_O-In had to be altered to ecn_bond_dist_O_In
Mar 02, 2020 8:18:30 AM de.unibonn.realkd.data.xarf.XarfParsing parse
INFO: Done parsing ARFF file
Mar 02, 2020 8:18:30 AM de.unibonn.realkd.data.table.CSV csvStringListToListOfLists
INFO: Done reading data (500 number of rows)
Mar 02, 2020 8:18:30 AM de.unibonn.realkd.data.xarf.Xarf attributes
INFO: Done creating attributes (35 attributes created)
Mar 02, 2020 8:18:30 AM de.unibonn.realkd.data.xarf.Xarf derivedAttributes
INFO: Done creating derived attributes (0 derived attributes created)
Mar 02, 2020 8:18:30 AM de.unibonn.realkd.util.Lists kMeansCutPoints
WARNING: k-means search might not have converged; maximum number of iterations reached
Mar 02, 2020 8:18:30 AM de.unibonn.realkd.util.Lists kMeansCutPoints
WARNING: k-means search might not have converged; maximum number of iterations reached
Mar 02, 2020 8:18:30 AM de.unibonn.realkd.data.propositions.StandardPropositionalizationScheme apply
INFO: Done compiling proposition list (280 propositions added)
Mar 02, 2020 8:18:30 AM de.unibonn.realkd.common.workspace.Workspaces$WorkspaceWithFileBackups storeInFile
INFO: writing backup: population_of_wpo_1_0_0
Mar 02, 2020 8:18:30 AM de.unibonn.realkd.common.workspace.Workspaces$WorkspaceWithFileBackups storeInFile
INFO: writing backup: wpo_1_0_0
Mar 02, 2020 8:18:30 AM de.unibonn.realkd.common.workspace.Workspaces$WorkspaceWithFileBackups storeInFile
INFO: writing backup: statements_about_wpo_1_0_0
Mar 02, 2020 8:18:30 AM de.unibonn.realkd.common.parameter.DefaultSubCollectionParameter$JsonStringToCollectionParser findByString
WARNING: Could not find element 'soap_predE' in collection.
Mar 02, 2020 8:18:30 AM de.unibonn.realkd.common.parameter.DefaultSubCollectionParameter$JsonStringToCollectionParser findByString
WARNING: Could not find element 'norm_abs_error' in collection.
Mar 02, 2020 8:18:30 AM de.unibonn.realkd.common.parameter.DefaultSubCollectionParameter$JsonStringToCollectionParser findByString
WARNING: Could not find element 'norm_error' in collection.
Mar 02, 2020 8:18:30 AM de.unibonn.realkd.common.parameter.DefaultSubCollectionParameter$JsonStringToCollectionParser findByString
WARNING: Could not find element 'abs_sq_error' in collection.
Mar 02, 2020 8:18:30 AM de.unibonn.realkd.common.parameter.DefaultSubCollectionParameter$JsonStringToCollectionParser findByString
WARNING: Could not find element 'norm_abs_error_bystd' in collection.
Mar 02, 2020 8:18:30 AM de.unibonn.realkd.common.parameter.DefaultSubCollectionParameter$JsonStringToCollectionParser findByString
WARNING: Could not find element 'norm_sq_error_bystd' in collection.
Mar 02, 2020 8:18:30 AM de.unibonn.realkd.common.parameter.ParameterContainer lambda$pass$4
WARNING: Parameter value of num_results could not be passed to container.
Mar 02, 2020 8:18:30 AM de.unibonn.realkd.run.LegacyComputationSpecification build
INFO: accepted parameter values:
table=WPO 1.0.0
targets=[norm_abs_error]
modeling=Empirical distribution
dev_measure=norm. neg. mean shift
cov_func=coverage
controls=Optional.empty
cov_weight=1.0
ctr_weight=1.0
props=Statements about WPO 1.0.0
descr_lang=Closed conjunctions
attr_filter=[Ef, abs_error, sum_pred_Ef_and_abs_error, sum_Ef_and_normalized_error, error, sq_error]
num_res=1
oest=coverage and negative mean shift
apx_fac=1.0
max_depth=Optional[4]
Mar 02, 2020 8:18:30 AM de.unibonn.realkd.algorithms.branchbound.BestFirstBranchAndBound updateResults
INFO: Best solution updated: ExceptionalPattern(Subgroup([Natoms<=80.0000, beta>=88.9541, gamma>=88.6772, gamma>=89.5774, id<119.000, id<239.500, id<=360.500, id<=483.000], Sample(mean=0.09099, std=0.15646, med=0.04682, amd=0.08568), Sample(mean=0.09505, std=0.16148, med=0.04964, amd=0.07288)), [support: 97.0,frequency: 0.194,norm. neg. mean shift: 0.04276098769374598,avg. med. dev. gain: 0.0]); value 0.00829563161258672
Mar 02, 2020 8:18:30 AM de.unibonn.realkd.algorithms.branchbound.BestFirstBranchAndBound updateResults
INFO: Best solution updated: ExceptionalPattern(Subgroup([Natoms<=80.0000, id<239.500, id<=360.500, id<=483.000], Sample(mean=0.08400, std=0.13494, med=0.03898, amd=0.07654), Sample(mean=0.09505, std=0.16148, med=0.04964, amd=0.07288)), [support: 201.0,frequency: 0.402,norm. neg. mean shift: 0.11619840185884225,avg. med. dev. gain: 0.0]); value 0.04671175754725459
Mar 02, 2020 8:18:30 AM de.unibonn.realkd.algorithms.branchbound.BestFirstBranchAndBound updateResults
INFO: Best solution updated: ExceptionalPattern(Subgroup([Natoms<=80.0000, Natoms>=50.0000, alpha>=60.9679, b>=5.59494, beta>=88.9541, c>=4.05411, gamma>=88.6772, gamma>=89.5774], Sample(mean=0.06797, std=0.13327, med=0.03853, amd=0.05497), Sample(mean=0.09505, std=0.16148, med=0.04964, amd=0.07288)), [support: 310.0,frequency: 0.62,norm. neg. mean shift: 0.2849122905767788,avg. med. dev. gain: 0.24568030376082517]); value 0.17664562015760285
Mar 02, 2020 8:18:30 AM de.unibonn.realkd.algorithms.branchbound.BestFirstBranchAndBound updateResults
INFO: Best solution updated: ExceptionalPattern(Subgroup([Natoms<=80.0000, a_c<=3.89541, beta<90.3548, beta<=93.7702, beta<=98.8262, c>=4.05411], Sample(mean=0.07235, std=0.13240, med=0.04278, amd=0.05917), Sample(mean=0.09505, std=0.16148, med=0.04964, amd=0.07288)), [support: 377.0,frequency: 0.754,norm. neg. mean shift: 0.23883334660559025,avg. med. dev. gain: 0.18814473377983124]); value 0.18008034334061504
Mar 02, 2020 8:18:30 AM de.unibonn.realkd.algorithms.branchbound.BestFirstBranchAndBound updateResults
INFO: Best solution updated: ExceptionalPattern(Subgroup([Natoms<=80.0000, alpha>=60.9679, beta>=88.9541, mbtr_predE>=0.0789052], Sample(mean=0.06745, std=0.11764, med=0.04349, amd=0.05165), Sample(mean=0.09505, std=0.16148, med=0.04964, amd=0.07288)), [support: 373.0,frequency: 0.746,norm. neg. mean shift: 0.29038464104977246,avg. med. dev. gain: 0.2913215325681909]); value 0.21662694222313025
Mar 02, 2020 8:18:30 AM de.unibonn.realkd.algorithms.branchbound.BestFirstBranchAndBound updateResults
INFO: Best solution updated: ExceptionalPattern(Subgroup([Natoms<=80.0000, alpha>=60.9679, beta>=88.9541, gamma>=88.6772, mbtr_predE>=0.0789052], Sample(mean=0.06686, std=0.11809, med=0.04349, amd=0.05094), Sample(mean=0.09505, std=0.16148, med=0.04964, amd=0.07288)), [support: 366.0,frequency: 0.732,norm. neg. mean shift: 0.29660888556099846,avg. med. dev. gain: 0.300953202521126]); value 0.21711770423065085
Mar 02, 2020 8:18:30 AM de.unibonn.realkd.algorithms.branchbound.BestFirstBranchAndBound updateResults
INFO: Best solution updated: ExceptionalPattern(Subgroup([Natoms<=80.0000, alpha>=60.9679, beta>=88.9541, gamma>=88.6772, gamma>=89.5774, mbtr_predE>=0.0789052], Sample(mean=0.06616, std=0.11785, med=0.04294, amd=0.05027), Sample(mean=0.09505, std=0.16148, med=0.04964, amd=0.07288)), [support: 364.0,frequency: 0.728,norm. neg. mean shift: 0.30392646088166403,avg. med. dev. gain: 0.3101465919934998]); value 0.2212584635218514
Mar 02, 2020 8:18:30 AM de.unibonn.realkd.algorithms.branchbound.BestFirstBranchAndBound updateResults
INFO: Best solution updated: ExceptionalPattern(Subgroup([Natoms<=80.0000, alpha>=60.9679, beta>=88.9541, c>=4.05411, mbtr_predE>=0.0789052], Sample(mean=0.06448, std=0.11839, med=0.04012, amd=0.04929), Sample(mean=0.09505, std=0.16148, med=0.04964, amd=0.07288)), [support: 355.0,frequency: 0.71,norm. neg. mean shift: 0.32157281220949135,avg. med. dev. gain: 0.32365453143653994]); value 0.22831669666873886
Mar 02, 2020 8:18:30 AM de.unibonn.realkd.algorithms.branchbound.BestFirstBranchAndBound updateResults
INFO: Best solution updated: ExceptionalPattern(Subgroup([Natoms<=80.0000, alpha>=60.9679, beta>=88.9541, c>=4.05411, gamma>=88.6772, mbtr_predE>=0.0789052], Sample(mean=0.06380, std=0.11886, med=0.03986, amd=0.04847), Sample(mean=0.09505, std=0.16148, med=0.04964, amd=0.07288)), [support: 348.0,frequency: 0.696,norm. neg. mean shift: 0.32874634867278646,avg. med. dev. gain: 0.33484097629553666]); value 0.22880745867625937
Mar 02, 2020 8:18:31 AM de.unibonn.realkd.algorithms.branchbound.BestFirstBranchAndBound updateResults
INFO: Best solution updated: ExceptionalPattern(Subgroup([Natoms<=80.0000, alpha>=60.9679, beta>=88.9541, ecn_bond_dist_Al_O<=2.06192, mbtr_predE>=0.0789052], Sample(mean=0.06050, std=0.06873, med=0.04223, amd=0.04395), Sample(mean=0.09505, std=0.16148, med=0.04964, amd=0.07288)), [support: 331.0,frequency: 0.662,norm. neg. mean shift: 0.36345963396386916,avg. med. dev. gain: 0.3969058368631115]); value 0.2406102776840814
Mar 02, 2020 8:18:31 AM de.unibonn.realkd.algorithms.branchbound.BestFirstBranchAndBound updateResults
INFO: Best solution updated: ExceptionalPattern(Subgroup([Natoms<=80.0000, alpha>=60.9679, beta>=88.9541, ecn_bond_dist_Al_O<=2.06192, gamma>=88.6772, mbtr_predE>=0.0789052], Sample(mean=0.05977, std=0.06800, med=0.04223, amd=0.04295), Sample(mean=0.09505, std=0.16148, med=0.04964, amd=0.07288)), [support: 325.0,frequency: 0.65,norm. neg. mean shift: 0.3711827054466454,avg. med. dev. gain: 0.41061640279810635]); value 0.2412687585403195
Mar 02, 2020 8:18:31 AM de.unibonn.realkd.algorithms.branchbound.BestFirstBranchAndBound updateResults
INFO: Best solution updated: ExceptionalPattern(Subgroup([Natoms<=80.0000, alpha>=60.9679, beta>=88.9541, c>=4.05411, ecn_bond_dist_Al_O<=2.06192, mbtr_predE>=0.0789052], Sample(mean=0.05670, std=0.06583, med=0.03853, amd=0.04071), Sample(mean=0.09505, std=0.16148, med=0.04964, amd=0.07288)), [support: 314.0,frequency: 0.628,norm. neg. mean shift: 0.4034791964882833,avg. med. dev. gain: 0.4413267857038091]); value 0.2533849353946419
Mar 02, 2020 8:18:33 AM de.unibonn.realkd.algorithms.branchbound.BestFirstBranchAndBound logStats
INFO: 1299/10000(0.1299) nodes discarded/created (4/4 best solution depth/max depth)
kth-best found - potential left: 0.2533849353946419 - 0.3372958250029856 (0.7512246420257322)  
ExceptionalPattern(Subgroup([Natoms<=80.0000, b>=5.59494, c>=4.05411, ecn_bond_dist_Al_O>=0.887832], Sample(mean=0.08344, std=0.15482, med=0.04446, amd=0.07364), Sample(mean=0.09505, std=0.16148, med=0.04964, amd=0.07288)), [support: 350.0,frequency: 0.7,norm. neg. mean shift: 0.12214742226715247,avg. med. dev. gain: 0.0])
Size of boundary queue: 2400
Mar 02, 2020 8:18:35 AM de.unibonn.realkd.algorithms.branchbound.BestFirstBranchAndBound logStats
INFO: 2574/20007(0.1286549707602339) nodes discarded/created (4/4 best solution depth/max depth)
kth-best found - potential left: 0.2533849353946419 - 0.3149251688337377 (0.8045877575711152)  
ExceptionalPattern(Subgroup([Natoms<=80.0000, alpha>=60.9679, beta>=88.9541, ecn_bond_dist_Al_O>=0.887832, ecn_bond_dist_O_Al>=0.357332, gamma>=88.6772, percent_atom_al>=0.109375], Sample(mean=0.08738, std=0.15791, med=0.04660, amd=0.07644), Sample(mean=0.09505, std=0.16148, med=0.04964, amd=0.07288)), [support: 341.0,frequency: 0.682,norm. neg. mean shift: 0.08074271924251537,avg. med. dev. gain: 0.0])
Size of boundary queue: 3022
Mar 02, 2020 8:18:38 AM de.unibonn.realkd.algorithms.branchbound.BestFirstBranchAndBound logStats
INFO: 3760/30025(0.12522897585345547) nodes discarded/created (4/4 best solution depth/max depth)
kth-best found - potential left: 0.2533849353946419 - 0.3000612192961102 (0.8444441303979152)  
ExceptionalPattern(Subgroup([Natoms<=80.0000, c>=4.05411, ecn_bond_dist_In_O>=0.884845, ecn_bond_dist_O_In>=0.399028, ecn_bond_dist_O_In>=1.06416, percent_atom_in>=0.0729167], Sample(mean=0.06710, std=0.12147, med=0.04349, amd=0.05135), Sample(mean=0.09505, std=0.16148, med=0.04964, amd=0.07288)), [support: 305.0,frequency: 0.61,norm. neg. mean shift: 0.29404515246992774,avg. med. dev. gain: 0.2954417195851583])
Size of boundary queue: 3121
Mar 02, 2020 8:18:40 AM de.unibonn.realkd.algorithms.branchbound.BestFirstBranchAndBound logStats
INFO: 4723/40032(0.11798061550759392) nodes discarded/created (4/4 best solution depth/max depth)
kth-best found - potential left: 0.2533849353946419 - 0.2886071809155105 (0.8779578338656102)  
ExceptionalPattern(Subgroup([Natoms<=80.0000, ecn_bond_dist_In_Al<=3.18205, gamma<=97.4501, mbtr_predE>=0.0789052], Sample(mean=0.07154, std=0.10094, med=0.04223, amd=0.05780), Sample(mean=0.09505, std=0.16148, med=0.04964, amd=0.07288)), [support: 293.0,frequency: 0.586,norm. neg. mean shift: 0.24732916343222236,avg. med. dev. gain: 0.2069113298558387])
Size of boundary queue: 2862
Mar 02, 2020 8:18:42 AM de.unibonn.realkd.algorithms.branchbound.BestFirstBranchAndBound logStats
INFO: 5704/50007(0.114064031035655) nodes discarded/created (4/4 best solution depth/max depth)
kth-best found - potential left: 0.2533849353946419 - 0.2788849243595756 (0.9085644768232228)  
ExceptionalPattern(Subgroup([Natoms<=80.0000, b>=5.59494, ecn_bond_dist_Al_O>=0.887832, id<=483.000], Sample(mean=0.09299, std=0.17459, med=0.04682, amd=0.08640), Sample(mean=0.09505, std=0.16148, med=0.04964, amd=0.07288)), [support: 296.0,frequency: 0.592,norm. neg. mean shift: 0.02164525549709135,avg. med. dev. gain: 0.0])
Size of boundary queue: 2333
Mar 02, 2020 8:18:44 AM de.unibonn.realkd.algorithms.branchbound.BestFirstBranchAndBound logStats
INFO: 6643/60014(0.110690838804279) nodes discarded/created (4/4 best solution depth/max depth)
kth-best found - potential left: 0.2533849353946419 - 0.27015280167502514 (0.9379319178760404)  
ExceptionalPattern(Subgroup([Natoms<=80.0000, beta<90.3548, beta<=93.7702, beta<=98.8262, percent_atom_ga<=0.609375, vol_per_atom<=12.5954], Sample(mean=0.08622, std=0.16254, med=0.04488, amd=0.07644), Sample(mean=0.09505, std=0.16148, med=0.04964, amd=0.07288)), [support: 287.0,frequency: 0.574,norm. neg. mean shift: 0.09288592338195424,avg. med. dev. gain: 0.0])
Size of boundary queue: 1711
Mar 02, 2020 8:18:46 AM de.unibonn.realkd.algorithms.branchbound.BestFirstBranchAndBound logStats
INFO: 7748/70000(0.11068571428571429) nodes discarded/created (4/4 best solution depth/max depth)
kth-best found - potential left: 0.2533849353946419 - 0.2614799320595441 (0.9690416140116679)  
ExceptionalPattern(Subgroup([Natoms<=80.0000, a<=19.6101, a_b<=3.15691, a_c<=3.15712, a_c<=3.89541, beta<=98.8262, c>=4.05411, vol_per_atom<=12.5954], Sample(mean=0.09017, std=0.14325, med=0.04524, amd=0.08131), Sample(mean=0.09505, std=0.16148, med=0.04964, amd=0.07288)), [support: 281.0,frequency: 0.562,norm. neg. mean shift: 0.0512908339461376,avg. med. dev. gain: 0.0])
Size of boundary queue: 975
Mar 02, 2020 8:18:49 AM de.unibonn.realkd.algorithms.branchbound.BestFirstBranchAndBound logStats
INFO: 8539/80018(0.1067134894648704) nodes discarded/created (4/4 best solution depth/max depth)
kth-best found - potential left: 0.2533849353946419 - 0.2541071345268056 (0.9971578950999995)  
ExceptionalPattern(Subgroup([Natoms<=80.0000, ecn_bond_dist_Al_In<=3.18582, ecn_bond_dist_Al_O<=2.06192, ecn_bond_dist_Ga_O<=2.06812], Sample(mean=0.10952, std=0.17527, med=0.04971, amd=0.10676), Sample(mean=0.09505, std=0.16148, med=0.04964, amd=0.07288)), [support: 281.0,frequency: 0.562,norm. neg. mean shift: 0.0,avg. med. dev. gain: 0.0])
Size of boundary queue: 199
Mar 02, 2020 8:18:49 AM de.unibonn.realkd.algorithms.branchbound.BestFirstBranchAndBound logStats
INFO: 8589/80911(0.10615367502564546) nodes discarded/created (4/4 best solution depth/max depth)
kth-best found - potential left: 0.2533849353946419 - 0.253160632901375 (1.0008860085815723)  
ExceptionalPattern(Subgroup([Natoms<=80.0000, beta>=88.9541, ecn_bond_dist_Al_O>=0.887832, ecn_bond_dist_Ga_In>=0.687522, ecn_bond_dist_Ga_O>=0.876602, ecn_bond_dist_In_O>=0.884845], Sample(mean=0.07423, std=0.14955, med=0.04446, amd=0.06087), Sample(mean=0.09505, std=0.16148, med=0.04964, amd=0.07288)), [support: 260.0,frequency: 0.52,norm. neg. mean shift: 0.21898761468959144,avg. med. dev. gain: 0.16470730386392232])
Size of boundary queue: 118
Mar 02, 2020 8:18:49 AM de.unibonn.realkd.algorithms.emm.ExceptionalSubgroupBestFirstBranchAndBound concreteCall
INFO: Start post-processing
Mar 02, 2020 8:18:49 AM de.unibonn.realkd.algorithms.emm.ExceptionalSubgroupBestFirstBranchAndBound concreteCall
INFO: Done post-processing
Mar 02, 2020 8:18:49 AM de.unibonn.realkd.common.workspace.Workspaces$WorkspaceWithFileBackups storeInFile
INFO: writing backup: $results_of_norm_abs_error_cov_weight_1_0
realKD 0.7.2 (c) 2014-18 by the Contributors of the realKD project
Mar 02, 2020 9:06:50 AM de.unibonn.realkd.common.KdonTypes <clinit>
INFO: Loading KdonTypes
Mar 02, 2020 9:06:50 AM de.unibonn.realkd.common.KdonTypes <clinit>
INFO: Done loading KdonTypes
Mar 02, 2020 9:06:50 AM de.unibonn.realkd.common.base.Identifier identifier
WARNING: Invalid identifier string norm_abs_error_cov_weight_1.0 had to be altered to norm_abs_error_cov_weight_1_0
Mar 02, 2020 9:06:50 AM de.unibonn.realkd.run.ProductWorkScheme <init>
WARNING: Providing data path via job file is deprecated; provide via command line or other global option
Mar 02, 2020 9:06:50 AM de.unibonn.realkd.data.xarf.XarfParsing parse
INFO: Parsing input file
Mar 02, 2020 9:06:50 AM de.unibonn.realkd.common.base.Identifier identifier
WARNING: Invalid identifier string ecn_bond_dist_Al-Ga had to be altered to ecn_bond_dist_Al_Ga
Mar 02, 2020 9:06:50 AM de.unibonn.realkd.common.base.Identifier identifier
WARNING: Invalid identifier string ecn_bond_dist_Al-In had to be altered to ecn_bond_dist_Al_In
Mar 02, 2020 9:06:50 AM de.unibonn.realkd.common.base.Identifier identifier
WARNING: Invalid identifier string ecn_bond_dist_Al-O had to be altered to ecn_bond_dist_Al_O
Mar 02, 2020 9:06:50 AM de.unibonn.realkd.common.base.Identifier identifier
WARNING: Invalid identifier string ecn_bond_dist_Ga-Al had to be altered to ecn_bond_dist_Ga_Al
Mar 02, 2020 9:06:50 AM de.unibonn.realkd.common.base.Identifier identifier
WARNING: Invalid identifier string ecn_bond_dist_Ga-In had to be altered to ecn_bond_dist_Ga_In
Mar 02, 2020 9:06:50 AM de.unibonn.realkd.common.base.Identifier identifier
WARNING: Invalid identifier string ecn_bond_dist_Ga-O had to be altered to ecn_bond_dist_Ga_O
Mar 02, 2020 9:06:50 AM de.unibonn.realkd.common.base.Identifier identifier
WARNING: Invalid identifier string ecn_bond_dist_In-Al had to be altered to ecn_bond_dist_In_Al
Mar 02, 2020 9:06:50 AM de.unibonn.realkd.common.base.Identifier identifier
WARNING: Invalid identifier string ecn_bond_dist_In-Ga had to be altered to ecn_bond_dist_In_Ga
Mar 02, 2020 9:06:50 AM de.unibonn.realkd.common.base.Identifier identifier
WARNING: Invalid identifier string ecn_bond_dist_In-O had to be altered to ecn_bond_dist_In_O
Mar 02, 2020 9:06:50 AM de.unibonn.realkd.common.base.Identifier identifier
WARNING: Invalid identifier string ecn_bond_dist_O-Al had to be altered to ecn_bond_dist_O_Al
Mar 02, 2020 9:06:50 AM de.unibonn.realkd.common.base.Identifier identifier
WARNING: Invalid identifier string ecn_bond_dist_O-Ga had to be altered to ecn_bond_dist_O_Ga
Mar 02, 2020 9:06:50 AM de.unibonn.realkd.common.base.Identifier identifier
WARNING: Invalid identifier string ecn_bond_dist_O-In had to be altered to ecn_bond_dist_O_In
Mar 02, 2020 9:06:50 AM de.unibonn.realkd.data.xarf.XarfParsing parse
INFO: Done parsing ARFF file
Mar 02, 2020 9:06:50 AM de.unibonn.realkd.data.table.CSV csvStringListToListOfLists
INFO: Done reading data (500 number of rows)
Mar 02, 2020 9:06:50 AM de.unibonn.realkd.data.xarf.Xarf attributes
INFO: Done creating attributes (35 attributes created)
Mar 02, 2020 9:06:50 AM de.unibonn.realkd.data.xarf.Xarf derivedAttributes
INFO: Done creating derived attributes (0 derived attributes created)
Mar 02, 2020 9:06:50 AM de.unibonn.realkd.util.Lists kMeansCutPoints
WARNING: k-means search might not have converged; maximum number of iterations reached
Mar 02, 2020 9:06:50 AM de.unibonn.realkd.util.Lists kMeansCutPoints
WARNING: k-means search might not have converged; maximum number of iterations reached
Mar 02, 2020 9:06:50 AM de.unibonn.realkd.data.propositions.StandardPropositionalizationScheme apply
INFO: Done compiling proposition list (280 propositions added)
Mar 02, 2020 9:06:50 AM de.unibonn.realkd.common.workspace.Workspaces$WorkspaceWithFileBackups storeInFile
INFO: writing backup: population_of_wpo_1_0_0
Mar 02, 2020 9:06:50 AM de.unibonn.realkd.common.workspace.Workspaces$WorkspaceWithFileBackups storeInFile
INFO: writing backup: wpo_1_0_0
Mar 02, 2020 9:06:50 AM de.unibonn.realkd.common.workspace.Workspaces$WorkspaceWithFileBackups storeInFile
INFO: writing backup: statements_about_wpo_1_0_0
Mar 02, 2020 9:06:50 AM de.unibonn.realkd.common.parameter.DefaultSubCollectionParameter$JsonStringToCollectionParser findByString
WARNING: Could not find element 'soap_predE' in collection.
Mar 02, 2020 9:06:50 AM de.unibonn.realkd.common.parameter.DefaultSubCollectionParameter$JsonStringToCollectionParser findByString
WARNING: Could not find element 'ngram_predE' in collection.
Mar 02, 2020 9:06:50 AM de.unibonn.realkd.common.parameter.DefaultSubCollectionParameter$JsonStringToCollectionParser findByString
WARNING: Could not find element 'norm_abs_error' in collection.
Mar 02, 2020 9:06:50 AM de.unibonn.realkd.common.parameter.DefaultSubCollectionParameter$JsonStringToCollectionParser findByString
WARNING: Could not find element 'norm_error' in collection.
Mar 02, 2020 9:06:50 AM de.unibonn.realkd.common.parameter.DefaultSubCollectionParameter$JsonStringToCollectionParser findByString
WARNING: Could not find element 'abs_sq_error' in collection.
Mar 02, 2020 9:06:50 AM de.unibonn.realkd.common.parameter.DefaultSubCollectionParameter$JsonStringToCollectionParser findByString
WARNING: Could not find element 'norm_abs_error_bystd' in collection.
Mar 02, 2020 9:06:50 AM de.unibonn.realkd.common.parameter.DefaultSubCollectionParameter$JsonStringToCollectionParser findByString
WARNING: Could not find element 'norm_sq_error_bystd' in collection.
Mar 02, 2020 9:06:50 AM de.unibonn.realkd.common.parameter.ParameterContainer lambda$pass$4
WARNING: Parameter value of num_results could not be passed to container.
Mar 02, 2020 9:06:50 AM de.unibonn.realkd.run.LegacyComputationSpecification build
INFO: accepted parameter values:
table=WPO 1.0.0
targets=[norm_abs_error]
modeling=Empirical distribution
dev_measure=norm. neg. mean shift
cov_func=coverage
controls=Optional.empty
cov_weight=1.0
ctr_weight=1.0
props=Statements about WPO 1.0.0
descr_lang=Closed conjunctions
attr_filter=[Ef, mbtr_predE, abs_error, sum_pred_Ef_and_abs_error, sum_Ef_and_normalized_error, error, sq_error]
num_res=1
oest=coverage and negative mean shift
apx_fac=1.0
max_depth=Optional[4]
Mar 02, 2020 9:06:50 AM de.unibonn.realkd.algorithms.branchbound.BestFirstBranchAndBound updateResults
INFO: Best solution updated: ExceptionalPattern(Subgroup([Natoms<=80.0000, beta>=88.9541, gamma>=88.6772, gamma>=89.5774, id<119.000, id<239.500, id<=360.500, id<=483.000], Sample(mean=0.09099, std=0.15646, med=0.04682, amd=0.08568), Sample(mean=0.09505, std=0.16148, med=0.04964, amd=0.07288)), [support: 97.0,frequency: 0.194,norm. neg. mean shift: 0.04276098769374598,avg. med. dev. gain: 0.0]); value 0.00829563161258672
Mar 02, 2020 9:06:50 AM de.unibonn.realkd.algorithms.branchbound.BestFirstBranchAndBound updateResults
INFO: Best solution updated: ExceptionalPattern(Subgroup([Natoms<=80.0000, id<239.500, id<=360.500, id<=483.000], Sample(mean=0.08400, std=0.13494, med=0.03898, amd=0.07654), Sample(mean=0.09505, std=0.16148, med=0.04964, amd=0.07288)), [support: 201.0,frequency: 0.402,norm. neg. mean shift: 0.11619840185884225,avg. med. dev. gain: 0.0]); value 0.04671175754725459
Mar 02, 2020 9:06:50 AM de.unibonn.realkd.algorithms.branchbound.BestFirstBranchAndBound updateResults
INFO: Best solution updated: ExceptionalPattern(Subgroup([Natoms<=80.0000, Natoms>=50.0000, alpha>=60.9679, b>=5.59494, beta>=88.9541, c>=4.05411, gamma>=88.6772, gamma>=89.5774], Sample(mean=0.06797, std=0.13327, med=0.03853, amd=0.05497), Sample(mean=0.09505, std=0.16148, med=0.04964, amd=0.07288)), [support: 310.0,frequency: 0.62,norm. neg. mean shift: 0.2849122905767788,avg. med. dev. gain: 0.24568030376082517]); value 0.17664562015760285
Mar 02, 2020 9:06:50 AM de.unibonn.realkd.algorithms.branchbound.BestFirstBranchAndBound updateResults
INFO: Best solution updated: ExceptionalPattern(Subgroup([Natoms<=80.0000, a_c<=3.89541, beta<90.3548, beta<=93.7702, beta<=98.8262, c>=4.05411], Sample(mean=0.07235, std=0.13240, med=0.04278, amd=0.05917), Sample(mean=0.09505, std=0.16148, med=0.04964, amd=0.07288)), [support: 377.0,frequency: 0.754,norm. neg. mean shift: 0.23883334660559025,avg. med. dev. gain: 0.18814473377983124]); value 0.18008034334061504
Mar 02, 2020 9:06:51 AM de.unibonn.realkd.algorithms.branchbound.BestFirstBranchAndBound updateResults
INFO: Best solution updated: ExceptionalPattern(Subgroup([Natoms<=80.0000, a_c<=3.89541, b>=5.59494, beta<90.3548, beta<=93.7702, beta<=98.8262, c>=4.05411], Sample(mean=0.06483, std=0.12531, med=0.03832, amd=0.05119), Sample(mean=0.09505, std=0.16148, med=0.04964, amd=0.07288)), [support: 317.0,frequency: 0.634,norm. neg. mean shift: 0.3179386669975457,avg. med. dev. gain: 0.29764461298452344]); value 0.20157311487644397
Mar 02, 2020 9:06:53 AM de.unibonn.realkd.algorithms.branchbound.BestFirstBranchAndBound logStats
INFO: 678/10003(0.06777966610016994) nodes discarded/created (3/4 best solution depth/max depth)
kth-best found - potential left: 0.20157311487644397 - 0.3349372261832195 (0.6018235631000841)  
ExceptionalPattern(Subgroup([Natoms<=80.0000, a_c<=3.89541, beta<=93.7702, beta<=98.8262, ecn_bond_dist_Al_O>=0.887832, gamma<=97.4501], Sample(mean=0.08395, std=0.14680, med=0.04488, amd=0.07329), Sample(mean=0.09505, std=0.16148, med=0.04964, amd=0.07288)), [support: 354.0,frequency: 0.708,norm. neg. mean shift: 0.11677690411520562,avg. med. dev. gain: 0.0])
Size of boundary queue: 2980
Mar 02, 2020 9:06:53 AM de.unibonn.realkd.algorithms.branchbound.BestFirstBranchAndBound updateResults
INFO: Best solution updated: ExceptionalPattern(Subgroup([Natoms<=80.0000, a_c<=3.89541, b>=5.59494, beta<90.3548, beta<=93.7702, beta<=98.8262, ecn_bond_dist_Al_O<=2.06192], Sample(mean=0.05848, std=0.07739, med=0.03781, amd=0.04427), Sample(mean=0.09505, std=0.16148, med=0.04964, amd=0.07288)), [support: 278.0,frequency: 0.556,norm. neg. mean shift: 0.38474992727489865,avg. med. dev. gain: 0.3925701733359132]); value 0.21392095956484367
Mar 02, 2020 9:06:53 AM de.unibonn.realkd.algorithms.branchbound.BestFirstBranchAndBound updateResults
INFO: Best solution updated: ExceptionalPattern(Subgroup([Natoms<=80.0000, a_c<=3.89541, b>=5.59494, beta<90.3548, beta<=93.7702, beta<=98.8262, c>=4.05411, ecn_bond_dist_Al_O<=2.06192], Sample(mean=0.05641, std=0.07058, med=0.03776, amd=0.04187), Sample(mean=0.09505, std=0.16148, med=0.04964, amd=0.07288)), [support: 272.0,frequency: 0.544,norm. neg. mean shift: 0.4065288162263882,avg. med. dev. gain: 0.42541410598797186]); value 0.2211516760271552
Mar 02, 2020 9:06:55 AM de.unibonn.realkd.algorithms.branchbound.BestFirstBranchAndBound logStats
INFO: 1478/20011(0.07385937734246165) nodes discarded/created (4/4 best solution depth/max depth)
kth-best found - potential left: 0.2211516760271552 - 0.31176305141399496 (0.7093581969515832)  
ExceptionalPattern(Subgroup([Natoms<=80.0000, a_c<=3.89541, beta<=93.7702, beta<=98.8262, gamma<=97.4501, percent_atom_al<=0.677083], Sample(mean=0.07917, std=0.14060, med=0.04660, amd=0.06615), Sample(mean=0.09505, std=0.16148, med=0.04964, amd=0.07288)), [support: 329.0,frequency: 0.658,norm. neg. mean shift: 0.167061711500421,avg. med. dev. gain: 0.09234168615393454])
Size of boundary queue: 4063
Mar 02, 2020 9:06:57 AM de.unibonn.realkd.algorithms.branchbound.BestFirstBranchAndBound logStats
INFO: 2223/30003(0.0740925907409259) nodes discarded/created (4/4 best solution depth/max depth)
kth-best found - potential left: 0.2211516760271552 - 0.2962811468014319 (0.7464250709660287)  
ExceptionalPattern(Subgroup([Natoms<=80.0000, c>=4.05411, ecn_bond_dist_Al_Ga>=0.508287, ecn_bond_dist_Al_O>=0.887832, ecn_bond_dist_Ga_O>=0.876602, percent_atom_in<=0.609375], Sample(mean=0.09380, std=0.17533, med=0.04488, amd=0.08866), Sample(mean=0.09505, std=0.16148, med=0.04964, amd=0.07288)), [support: 311.0,frequency: 0.622,norm. neg. mean shift: 0.013169394590763621,avg. med. dev. gain: 0.0])
Size of boundary queue: 4561
Mar 02, 2020 9:06:59 AM de.unibonn.realkd.algorithms.branchbound.BestFirstBranchAndBound logStats
INFO: 2821/40021(0.0704879938032533) nodes discarded/created (4/4 best solution depth/max depth)
kth-best found - potential left: 0.2211516760271552 - 0.2844928707962839 (0.7773540173718966)  
ExceptionalPattern(Subgroup([Natoms<=80.0000, b>=5.59494, ecn_bond_dist_Al_O>=0.887832, ecn_bond_dist_O_Al>=0.357332, ecn_bond_dist_O_Al>=0.926994, percent_atom_al>=0.109375], Sample(mean=0.09447, std=0.17823, med=0.04489, amd=0.08836), Sample(mean=0.09505, std=0.16148, med=0.04964, amd=0.07288)), [support: 303.0,frequency: 0.606,norm. neg. mean shift: 0.006121307884543515,avg. med. dev. gain: 0.0])
Size of boundary queue: 4562
Mar 02, 2020 9:07:00 AM de.unibonn.realkd.algorithms.branchbound.BestFirstBranchAndBound updateResults
INFO: Best solution updated: ExceptionalPattern(Subgroup([Natoms<=80.0000, Natoms>=50.0000, a_c<=3.89541, alpha>=60.9679, b>=5.59494, beta>=88.9541, c>=4.05411, ecn_bond_dist_Al_O<=2.06192, gamma>=88.6772, gamma>=89.5774], Sample(mean=0.04830, std=0.04606, med=0.03584, amd=0.03311), Sample(mean=0.09505, std=0.16148, med=0.04964, amd=0.07288)), [support: 225.0,frequency: 0.45,norm. neg. mean shift: 0.49189089744931846,avg. med. dev. gain: 0.5457027702238408]); value 0.2213509038521933
Mar 02, 2020 9:07:01 AM de.unibonn.realkd.algorithms.branchbound.BestFirstBranchAndBound updateResults
INFO: Best solution updated: ExceptionalPattern(Subgroup([Natoms<=80.0000, Natoms>=50.0000, a_c<=3.89541, alpha>=60.9679, b>=5.59494, beta<90.3548, beta<=93.7702, beta<=98.8262, beta>=88.9541, c>=4.05411, ecn_bond_dist_Al_O<=2.06192, gamma>=88.6772, gamma>=89.5774], Sample(mean=0.04528, std=0.04065, med=0.03461, amd=0.03027), Sample(mean=0.09505, std=0.16148, med=0.04964, amd=0.07288)), [support: 217.0,frequency: 0.434,norm. neg. mean shift: 0.5235898935404042,avg. med. dev. gain: 0.5846417320668366]); value 0.2272380137965354
Mar 02, 2020 9:07:02 AM de.unibonn.realkd.algorithms.branchbound.BestFirstBranchAndBound logStats
INFO: 3509/50011(0.07016456379596489) nodes discarded/created (3/4 best solution depth/max depth)
kth-best found - potential left: 0.2272380137965354 - 0.27403447009330684 (0.8292314967498886)  
ExceptionalPattern(Subgroup([Natoms<=80.0000, a_c<=3.89541, ecn_bond_dist_Al_Ga>=0.508287, ecn_bond_dist_Al_O>=0.887832, ecn_bond_dist_Ga_O>=0.876602, vol_per_atom<=12.5954], Sample(mean=0.09013, std=0.17482, med=0.04227, amd=0.08590), Sample(mean=0.09505, std=0.16148, med=0.04964, amd=0.07288)), [support: 279.0,frequency: 0.558,norm. neg. mean shift: 0.05175141867442918,avg. med. dev. gain: 0.0])
Size of boundary queue: 4431
Mar 02, 2020 9:07:04 AM de.unibonn.realkd.algorithms.branchbound.BestFirstBranchAndBound logStats
INFO: 4266/60014(0.07108341387009698) nodes discarded/created (3/4 best solution depth/max depth)
kth-best found - potential left: 0.2272380137965354 - 0.26460816480719995 (0.8587717388165503)  
ExceptionalPattern(Subgroup([Natoms<=80.0000, a>=9.88924, b>=5.59494, ecn_bond_dist_In_O>=0.884845], Sample(mean=0.08298, std=0.14891, med=0.04949, amd=0.06718), Sample(mean=0.09505, std=0.16148, med=0.04964, amd=0.07288)), [support: 295.0,frequency: 0.59,norm. neg. mean shift: 0.12696021344436684,avg. med. dev. gain: 0.07821037003731196])
Size of boundary queue: 4065
Mar 02, 2020 9:07:06 AM de.unibonn.realkd.algorithms.branchbound.BestFirstBranchAndBound logStats
INFO: 4910/70017(0.07012582658497223) nodes discarded/created (3/4 best solution depth/max depth)
kth-best found - potential left: 0.2272380137965354 - 0.2560253781177279 (0.8875605046154634)  
ExceptionalPattern(Subgroup([Natoms<=80.0000, a_c<=3.89541, alpha>=60.9679, alpha>=90.0015, beta<90.3548, beta<=93.7702, beta<=98.8262, beta>=88.9541, ecn_bond_dist_Ga_O<=2.06812, gamma<=90.7985, gamma<=97.4501], Sample(mean=0.07791, std=0.14916, med=0.04187, amd=0.06774), Sample(mean=0.09505, std=0.16148, med=0.04964, amd=0.07288)), [support: 261.0,frequency: 0.522,norm. neg. mean shift: 0.18036504175591297,avg. med. dev. gain: 0.07044354424066047])
Size of boundary queue: 3541
Mar 02, 2020 9:07:08 AM de.unibonn.realkd.algorithms.branchbound.BestFirstBranchAndBound logStats
INFO: 5639/80007(0.0704813328833727) nodes discarded/created (3/4 best solution depth/max depth)
kth-best found - potential left: 0.2272380137965354 - 0.24822299739944514 (0.915459148335316)  
ExceptionalPattern(Subgroup([Natoms<=80.0000, beta<=93.7702, beta<=98.8262, ecn_bond_dist_Al_O>=0.887832, ecn_bond_dist_Ga_Al<=3.16161, ecn_bond_dist_O_Al>=0.357332, percent_atom_al>=0.109375], Sample(mean=0.08520, std=0.12050, med=0.04682, amd=0.07279), Sample(mean=0.09505, std=0.16148, med=0.04964, amd=0.07288)), [support: 271.0,frequency: 0.542,norm. neg. mean shift: 0.10366682954847817,avg. med. dev. gain: 0.001226304978632325])
Size of boundary queue: 2949
Mar 02, 2020 9:07:10 AM de.unibonn.realkd.algorithms.branchbound.BestFirstBranchAndBound logStats
INFO: 6370/90002(0.07077620497322282) nodes discarded/created (3/4 best solution depth/max depth)
kth-best found - potential left: 0.2272380137965354 - 0.24104881124821526 (0.9427053907457007)  
ExceptionalPattern(Subgroup([Natoms<=80.0000, ecn_bond_dist_Al_Ga>=0.508287, ecn_bond_dist_Al_O>=0.887832, ecn_bond_dist_Ga_O>=0.876602, ecn_bond_dist_In_O>=0.884845, ecn_bond_dist_O_In>=0.399028], Sample(mean=0.07091, std=0.13580, med=0.04446, amd=0.05697), Sample(mean=0.09505, std=0.16148, med=0.04964, amd=0.07288)), [support: 245.0,frequency: 0.49,norm. neg. mean shift: 0.2540098364516745,avg. med. dev. gain: 0.21824602802053739])
Size of boundary queue: 2261
Mar 02, 2020 9:07:12 AM de.unibonn.realkd.algorithms.branchbound.BestFirstBranchAndBound logStats
INFO: 6932/100012(0.06931168259808823) nodes discarded/created (3/4 best solution depth/max depth)
kth-best found - potential left: 0.2272380137965354 - 0.23327128348260062 (0.9741362520238578)  
ExceptionalPattern(Subgroup([Natoms<=80.0000, a_c<=3.89541, alpha>=60.9679, alpha>=90.0015, beta<90.3548, beta<=93.7702, beta<=98.8262, beta>=88.9541, c<=9.35538, gamma<=90.7985, gamma<=97.4501], Sample(mean=0.08276, std=0.15126, med=0.04708, amd=0.06956), Sample(mean=0.09505, std=0.16148, med=0.04964, amd=0.07288)), [support: 253.0,frequency: 0.506,norm. neg. mean shift: 0.12931623518291585,avg. med. dev. gain: 0.045528259866955606])
Size of boundary queue: 1400
Mar 02, 2020 9:07:13 AM de.unibonn.realkd.algorithms.branchbound.BestFirstBranchAndBound logStats
INFO: 7519/107639(0.06985386337665717) nodes discarded/created (3/4 best solution depth/max depth)
kth-best found - potential left: 0.2272380137965354 - 0.22723314125659205 (1.0000214429106442)  
ExceptionalPattern(Subgroup([Natoms<=80.0000, ecn_bond_dist_Ga_O<=2.06812, ecn_bond_dist_O_Ga<=1.73715, id>=119.000], Sample(mean=0.09344, std=0.17429, med=0.04806, amd=0.08300), Sample(mean=0.09505, std=0.16148, med=0.04964, amd=0.07288)), [support: 253.0,frequency: 0.506,norm. neg. mean shift: 0.016886620101263627,avg. med. dev. gain: 0.0])
Size of boundary queue: 719
Mar 02, 2020 9:07:13 AM de.unibonn.realkd.algorithms.emm.ExceptionalSubgroupBestFirstBranchAndBound concreteCall
INFO: Start post-processing
Mar 02, 2020 9:07:13 AM de.unibonn.realkd.algorithms.emm.ExceptionalSubgroupBestFirstBranchAndBound concreteCall
INFO: Done post-processing
Mar 02, 2020 9:07:14 AM de.unibonn.realkd.common.workspace.Workspaces$WorkspaceWithFileBackups storeInFile
INFO: writing backup: $results_of_norm_abs_error_cov_weight_1_0
